Copyright 1986-2018 Xilinx, Inc. All Rights Reserved.
------------------------------------------------------------------------------------
| Tool Version : Vivado v.2018.3 (win64) Build 2405991 Thu Dec  6 23:38:27 MST 2018
| Date         : Tue Oct 22 11:16:49 2019
| Host         : DESKTOP-8B1C8TT running 64-bit major release  (build 9200)
| Command      : upgrade_ip
| Device       : xc7a100tcsg324-1
------------------------------------------------------------------------------------

Upgrade Log for IP 'MUX_2_vers_1_4bits_MUX_1B_1_1'

1. Summary
----------

SUCCESS in the conversion of MUX_2_vers_1_4bits_MUX_1B_1_1 (xilinx.com:user:MUX_1B:1.0 (Rev. 2)) to Vivado generation flows.






Copyright 1986-2018 Xilinx, Inc. All Rights Reserved.
------------------------------------------------------------------------------------
| Tool Version : Vivado v.2018.3 (win64) Build 2405991 Thu Dec  6 23:38:27 MST 2018
| Date         : Tue Oct 22 11:16:49 2019
| Host         : DESKTOP-8B1C8TT running 64-bit major release  (build 9200)
| Command      : upgrade_ip
| Device       : xc7a100tcsg324-1
------------------------------------------------------------------------------------

Upgrade Log for IP 'MUX_2_vers_1_4bits_MUX_1B_1_0'

1. Summary
----------

SUCCESS in the conversion of MUX_2_vers_1_4bits_MUX_1B_1_0 (xilinx.com:user:MUX_1B:1.0 (Rev. 2)) to Vivado generation flows.






Copyright 1986-2018 Xilinx, Inc. All Rights Reserved.
------------------------------------------------------------------------------------
| Tool Version : Vivado v.2018.3 (win64) Build 2405991 Thu Dec  6 23:38:27 MST 2018
| Date         : Tue Oct 22 11:16:49 2019
| Host         : DESKTOP-8B1C8TT running 64-bit major release  (build 9200)
| Command      : upgrade_ip
| Device       : xc7a100tcsg324-1
------------------------------------------------------------------------------------

Upgrade Log for IP 'MUX_2_vers_1_4bits_MUX_1B_0_1'

1. Summary
----------

SUCCESS in the conversion of MUX_2_vers_1_4bits_MUX_1B_0_1 (xilinx.com:user:MUX_1B:1.0 (Rev. 2)) to Vivado generation flows.






Copyright 1986-2018 Xilinx, Inc. All Rights Reserved.
------------------------------------------------------------------------------------
| Tool Version : Vivado v.2018.3 (win64) Build 2405991 Thu Dec  6 23:38:27 MST 2018
| Date         : Tue Oct 22 11:16:49 2019
| Host         : DESKTOP-8B1C8TT running 64-bit major release  (build 9200)
| Command      : upgrade_ip
| Device       : xc7a100tcsg324-1
------------------------------------------------------------------------------------

Upgrade Log for IP 'MUX_2_vers_1_4bits_MUX_1B_0_0'

1. Summary
----------

SUCCESS in the conversion of MUX_2_vers_1_4bits_MUX_1B_0_0 (xilinx.com:user:MUX_1B:1.0 (Rev. 2)) to Vivado generation flows.

