#-----------------------------------------------------------
# Vivado v2019.1 (64-bit)
# SW Build 2552052 on Fri May 24 14:49:42 MDT 2019
# IP Build 2548770 on Fri May 24 18:01:18 MDT 2019
# Start of session at: Tue Oct  8 15:36:22 2019
# Process ID: 8516
# Current directory: D:/Users/Nathan/Professionnal Drive/Universite/Cours/INF1500/Labo/TP/project_2
# Command line: vivado.exe -gui_launcher_event rodinguilauncherevent8484 D:\Users\Nathan\Professionnal Drive\Universite\Cours\INF1500\Labo\TP\project_2\project_2.xpr
# Log file: D:/Users/Nathan/Professionnal Drive/Universite/Cours/INF1500/Labo/TP/project_2/vivado.log
# Journal file: D:/Users/Nathan/Professionnal Drive/Universite/Cours/INF1500/Labo/TP/project_2\vivado.jou
#-----------------------------------------------------------
start_gui
open_project {D:/Users/Nathan/Professionnal Drive/Universite/Cours/INF1500/Labo/TP/project_2/project_2.xpr}
Scanning sources...
Finished scanning sources
WARNING: [filemgmt 56-3] IP Repository Path: Could not find the directory 'D:/Users/Nathan/Professionnal Drive/Universite/Cours/INF1500/Labo/ip_repo/four_bit_full_adder'.
WARNING: [filemgmt 56-3] IP Repository Path: Could not find the directory 'D:/Users/Nathan/Professionnal Drive/Universite/Cours/INF1500/Labo/ip_repo/one_bit_full_adder'.
INFO: [IP_Flow 19-234] Refreshing IP repositories
INFO: [IP_Flow 19-1700] Loaded user IP repository 'd:/Users/Nathan/Professionnal Drive/Universite/Cours/INF1500/Labo/ip_repo/ATAD_LIB'.
INFO: [IP_Flow 19-1700] Loaded user IP repository 'd:/Users/Nathan/Professionnal Drive/Universite/Cours/INF1500/Labo/ip_repo/DIV_4_5B'.
INFO: [IP_Flow 19-1700] Loaded user IP repository 'd:/Users/Nathan/Professionnal Drive/Universite/Cours/INF1500/Labo/ip_repo/MIROIR_5B'.
INFO: [IP_Flow 19-1700] Loaded user IP repository 'd:/Users/Nathan/Professionnal Drive/Universite/Cours/INF1500/Labo/ip_repo/XUP_LIB'.
WARNING: [IP_Flow 19-2248] Failed to load user IP repository 'd:/Users/Nathan/Professionnal Drive/Universite/Cours/INF1500/Labo/ip_repo/four_bit_full_adder'; Can't find the specified path.
If this directory should no longer be in your list of user repositories, go to the IP Settings dialog and remove it.
WARNING: [IP_Flow 19-2248] Failed to load user IP repository 'd:/Users/Nathan/Professionnal Drive/Universite/Cours/INF1500/Labo/ip_repo/one_bit_full_adder'; Can't find the specified path.
If this directory should no longer be in your list of user repositories, go to the IP Settings dialog and remove it.
INFO: [IP_Flow 19-2313] Loaded Vivado IP repository 'D:/Users/Nathan/Xilinx/Vivado/2019.1/data/ip'.
WARNING: [BD 41-1661] One or more IPs have been locked in the design 'mini_UAL.bd'. Please run report_ip_status for more details and recommendations on how to fix this issue.
List of locked IPs:
mini_UAL_four_bit_full_adder_0_0

