
*** Running vivado
    with args -log Code_Conversion_Code_secret_0_0.vds -m64 -product Vivado -mode batch -messageDb vivado.pb -notrace -source Code_Conversion_Code_secret_0_0.tcl


****** Vivado v2018.3 (64-bit)
  **** SW Build 2405991 on Thu Dec  6 23:38:27 MST 2018
  **** IP Build 2404404 on Fri Dec  7 01:43:56 MST 2018
    ** Copyright 1986-2018 Xilinx, Inc. All Rights Reserved.

source Code_Conversion_Code_secret_0_0.tcl -notrace
INFO: [IP_Flow 19-234] Refreshing IP repositories
INFO: [IP_Flow 19-1700] Loaded user IP repository 'd:/Users/Nathan/Documents/INF1500/Labo/ip_repo'.
INFO: [IP_Flow 19-2313] Loaded Vivado IP repository 'D:/Users/Nathan/Xilinx/Vivado/2018.3/data/ip'.
Command: synth_design -top Code_Conversion_Code_secret_0_0 -part xc7a100tcsg324-1 -mode out_of_context
Starting synth_design
Attempting to get a license for feature 'Synthesis' and/or device 'xc7a100t'
INFO: [Common 17-349] Got license for feature 'Synthesis' and/or device 'xc7a100t'
INFO: Launching helper process for spawning children vivado processes
INFO: Helper process launched with PID 10776 
---------------------------------------------------------------------------------
Starting RTL Elaboration : Time (s): cpu = 00:00:03 ; elapsed = 00:00:03 . Memory (MB): peak = 394.793 ; gain = 100.352
---------------------------------------------------------------------------------
INFO: [Synth 8-638] synthesizing module 'Code_Conversion_Code_secret_0_0' [d:/Users/Nathan/Documents/INF1500/Labo/project_3/project_3.srcs/sources_1/bd/Code_Conversion/ip/Code_Conversion_Code_secret_0_0/synth/Code_Conversion_Code_secret_0_0.vhd:63]
INFO: [Synth 8-3491] module 'Code_secret' declared at 'd:/Users/Nathan/Documents/INF1500/Labo/project_3/project_3.srcs/sources_1/bd/Code_Conversion/ipshared/8d83/src/Code_secret.vhd:14' bound to instance 'U0' of component 'Code_secret' [d:/Users/Nathan/Documents/INF1500/Labo/project_3/project_3.srcs/sources_1/bd/Code_Conversion/ip/Code_Conversion_Code_secret_0_0/synth/Code_Conversion_Code_secret_0_0.vhd:81]
INFO: [Synth 8-638] synthesizing module 'Code_secret' [d:/Users/Nathan/Documents/INF1500/Labo/project_3/project_3.srcs/sources_1/bd/Code_Conversion/ipshared/8d83/src/Code_secret.vhd:25]
INFO: [Synth 8-3491] module 'Code_secret_ATAD_SPLIT_3_0_0' declared at 'd:/Users/Nathan/Documents/INF1500/Labo/project_3/project_3.srcs/sources_1/bd/Code_Conversion/ip/Code_Conversion_Code_secret_0_0/src/Code_secret_ATAD_SPLIT_3_0_0/synth/Code_secret_ATAD_SPLIT_3_0_0.vhd:56' bound to instance 'ATAD_SPLIT_3_0' of component 'Code_secret_ATAD_SPLIT_3_0_0' [d:/Users/Nathan/Documents/INF1500/Labo/project_3/project_3.srcs/sources_1/bd/Code_Conversion/ipshared/8d83/src/Code_secret.vhd:106]
INFO: [Synth 8-638] synthesizing module 'Code_secret_ATAD_SPLIT_3_0_0' [d:/Users/Nathan/Documents/INF1500/Labo/project_3/project_3.srcs/sources_1/bd/Code_Conversion/ip/Code_Conversion_Code_secret_0_0/src/Code_secret_ATAD_SPLIT_3_0_0/synth/Code_secret_ATAD_SPLIT_3_0_0.vhd:65]
INFO: [Synth 8-3491] module 'ATAD_SPLIT_3' declared at 'd:/Users/Nathan/Documents/INF1500/Labo/project_3/project_3.srcs/sources_1/bd/Code_Conversion/ip/Code_Conversion_Code_secret_0_0/ipshared/8559/src/ATAD_SPLIT_3.vhd:34' bound to instance 'U0' of component 'ATAD_SPLIT_3' [d:/Users/Nathan/Documents/INF1500/Labo/project_3/project_3.srcs/sources_1/bd/Code_Conversion/ip/Code_Conversion_Code_secret_0_0/src/Code_secret_ATAD_SPLIT_3_0_0/synth/Code_secret_ATAD_SPLIT_3_0_0.vhd:85]
INFO: [Synth 8-638] synthesizing module 'ATAD_SPLIT_3' [d:/Users/Nathan/Documents/INF1500/Labo/project_3/project_3.srcs/sources_1/bd/Code_Conversion/ip/Code_Conversion_Code_secret_0_0/ipshared/8559/src/ATAD_SPLIT_3.vhd:41]
INFO: [Synth 8-256] done synthesizing module 'ATAD_SPLIT_3' (1#1) [d:/Users/Nathan/Documents/INF1500/Labo/project_3/project_3.srcs/sources_1/bd/Code_Conversion/ip/Code_Conversion_Code_secret_0_0/ipshared/8559/src/ATAD_SPLIT_3.vhd:41]
INFO: [Synth 8-256] done synthesizing module 'Code_secret_ATAD_SPLIT_3_0_0' (2#1) [d:/Users/Nathan/Documents/INF1500/Labo/project_3/project_3.srcs/sources_1/bd/Code_Conversion/ip/Code_Conversion_Code_secret_0_0/src/Code_secret_ATAD_SPLIT_3_0_0/synth/Code_secret_ATAD_SPLIT_3_0_0.vhd:65]
INFO: [Synth 8-3491] module 'Code_secret_xlconcat_0_0' declared at 'd:/Users/Nathan/Documents/INF1500/Labo/project_3/project_3.srcs/sources_1/bd/Code_Conversion/ip/Code_Conversion_Code_secret_0_0/src/Code_secret_xlconcat_0_0/synth/Code_secret_xlconcat_0_0.v:58' bound to instance 'xlconcat_0' of component 'Code_secret_xlconcat_0_0' [d:/Users/Nathan/Documents/INF1500/Labo/project_3/project_3.srcs/sources_1/bd/Code_Conversion/ipshared/8d83/src/Code_secret.vhd:113]
INFO: [Synth 8-6157] synthesizing module 'Code_secret_xlconcat_0_0' [d:/Users/Nathan/Documents/INF1500/Labo/project_3/project_3.srcs/sources_1/bd/Code_Conversion/ip/Code_Conversion_Code_secret_0_0/src/Code_secret_xlconcat_0_0/synth/Code_secret_xlconcat_0_0.v:58]
INFO: [Synth 8-6157] synthesizing module 'xlconcat_v2_1_1_xlconcat' [d:/Users/Nathan/Documents/INF1500/Labo/project_3/project_3.srcs/sources_1/bd/Code_Conversion/ip/Code_Conversion_Code_secret_0_0/ipshared/2f66/hdl/xlconcat_v2_1_vl_rfs.v:14]
	Parameter IN0_WIDTH bound to: 1 - type: integer 
	Parameter IN1_WIDTH bound to: 1 - type: integer 
	Parameter IN2_WIDTH bound to: 1 - type: integer 
	Parameter IN3_WIDTH bound to: 1 - type: integer 
	Parameter IN4_WIDTH bound to: 1 - type: integer 
	Parameter IN5_WIDTH bound to: 1 - type: integer 
	Parameter IN6_WIDTH bound to: 1 - type: integer 
	Parameter IN7_WIDTH bound to: 1 - type: integer 
	Parameter IN8_WIDTH bound to: 1 - type: integer 
	Parameter IN9_WIDTH bound to: 1 - type: integer 
	Parameter IN10_WIDTH bound to: 1 - type: integer 
	Parameter IN11_WIDTH bound to: 1 - type: integer 
	Parameter IN12_WIDTH bound to: 1 - type: integer 
	Parameter IN13_WIDTH bound to: 1 - type: integer 
	Parameter IN14_WIDTH bound to: 1 - type: integer 
	Parameter IN15_WIDTH bound to: 1 - type: integer 
	Parameter IN16_WIDTH bound to: 1 - type: integer 
	Parameter IN17_WIDTH bound to: 1 - type: integer 
	Parameter IN18_WIDTH bound to: 1 - type: integer 
	Parameter IN19_WIDTH bound to: 1 - type: integer 
	Parameter IN20_WIDTH bound to: 1 - type: integer 
	Parameter IN21_WIDTH bound to: 1 - type: integer 
	Parameter IN22_WIDTH bound to: 1 - type: integer 
	Parameter IN23_WIDTH bound to: 1 - type: integer 
	Parameter IN24_WIDTH bound to: 1 - type: integer 
	Parameter IN25_WIDTH bound to: 1 - type: integer 
	Parameter IN26_WIDTH bound to: 1 - type: integer 
	Parameter IN27_WIDTH bound to: 1 - type: integer 
	Parameter IN28_WIDTH bound to: 1 - type: integer 
	Parameter IN29_WIDTH bound to: 1 - type: integer 
	Parameter IN30_WIDTH bound to: 1 - type: integer 
	Parameter IN31_WIDTH bound to: 1 - type: integer 
	Parameter dout_width bound to: 4 - type: integer 
	Parameter NUM_PORTS bound to: 4 - type: integer 
INFO: [Synth 8-6155] done synthesizing module 'xlconcat_v2_1_1_xlconcat' (3#1) [d:/Users/Nathan/Documents/INF1500/Labo/project_3/project_3.srcs/sources_1/bd/Code_Conversion/ip/Code_Conversion_Code_secret_0_0/ipshared/2f66/hdl/xlconcat_v2_1_vl_rfs.v:14]
INFO: [Synth 8-6155] done synthesizing module 'Code_secret_xlconcat_0_0' (4#1) [d:/Users/Nathan/Documents/INF1500/Labo/project_3/project_3.srcs/sources_1/bd/Code_Conversion/ip/Code_Conversion_Code_secret_0_0/src/Code_secret_xlconcat_0_0/synth/Code_secret_xlconcat_0_0.v:58]
INFO: [Synth 8-3491] module 'Code_secret_xup_and2_0_0' declared at 'd:/Users/Nathan/Documents/INF1500/Labo/project_3/project_3.srcs/sources_1/bd/Code_Conversion/ip/Code_Conversion_Code_secret_0_0/src/Code_secret_xup_and2_0_0/synth/Code_secret_xup_and2_0_0.v:57' bound to instance 'xup_and2_0' of component 'Code_secret_xup_and2_0_0' [d:/Users/Nathan/Documents/INF1500/Labo/project_3/project_3.srcs/sources_1/bd/Code_Conversion/ipshared/8d83/src/Code_secret.vhd:121]
INFO: [Synth 8-6157] synthesizing module 'Code_secret_xup_and2_0_0' [d:/Users/Nathan/Documents/INF1500/Labo/project_3/project_3.srcs/sources_1/bd/Code_Conversion/ip/Code_Conversion_Code_secret_0_0/src/Code_secret_xup_and2_0_0/synth/Code_secret_xup_and2_0_0.v:57]
INFO: [Synth 8-6157] synthesizing module 'xup_and2' [d:/Users/Nathan/Documents/INF1500/Labo/project_3/project_3.srcs/sources_1/bd/Code_Conversion/ip/Code_Conversion_Code_secret_0_0/ipshared/778c/xup_and2.srcs/sources_1/new/xup_and2.v:5]
	Parameter DELAY bound to: 3 - type: integer 
INFO: [Synth 8-6155] done synthesizing module 'xup_and2' (5#1) [d:/Users/Nathan/Documents/INF1500/Labo/project_3/project_3.srcs/sources_1/bd/Code_Conversion/ip/Code_Conversion_Code_secret_0_0/ipshared/778c/xup_and2.srcs/sources_1/new/xup_and2.v:5]
INFO: [Synth 8-6155] done synthesizing module 'Code_secret_xup_and2_0_0' (6#1) [d:/Users/Nathan/Documents/INF1500/Labo/project_3/project_3.srcs/sources_1/bd/Code_Conversion/ip/Code_Conversion_Code_secret_0_0/src/Code_secret_xup_and2_0_0/synth/Code_secret_xup_and2_0_0.v:57]
INFO: [Synth 8-3491] module 'Code_secret_xup_and2_0_1' declared at 'd:/Users/Nathan/Documents/INF1500/Labo/project_3/project_3.srcs/sources_1/bd/Code_Conversion/ip/Code_Conversion_Code_secret_0_0/src/Code_secret_xup_and2_0_1/synth/Code_secret_xup_and2_0_1.v:57' bound to instance 'xup_and2_1' of component 'Code_secret_xup_and2_0_1' [d:/Users/Nathan/Documents/INF1500/Labo/project_3/project_3.srcs/sources_1/bd/Code_Conversion/ipshared/8d83/src/Code_secret.vhd:127]
INFO: [Synth 8-6157] synthesizing module 'Code_secret_xup_and2_0_1' [d:/Users/Nathan/Documents/INF1500/Labo/project_3/project_3.srcs/sources_1/bd/Code_Conversion/ip/Code_Conversion_Code_secret_0_0/src/Code_secret_xup_and2_0_1/synth/Code_secret_xup_and2_0_1.v:57]
INFO: [Synth 8-6155] done synthesizing module 'Code_secret_xup_and2_0_1' (7#1) [d:/Users/Nathan/Documents/INF1500/Labo/project_3/project_3.srcs/sources_1/bd/Code_Conversion/ip/Code_Conversion_Code_secret_0_0/src/Code_secret_xup_and2_0_1/synth/Code_secret_xup_and2_0_1.v:57]
INFO: [Synth 8-3491] module 'Code_secret_xup_and3_0_0' declared at 'd:/Users/Nathan/Documents/INF1500/Labo/project_3/project_3.srcs/sources_1/bd/Code_Conversion/ip/Code_Conversion_Code_secret_0_0/src/Code_secret_xup_and3_0_0/synth/Code_secret_xup_and3_0_0.v:57' bound to instance 'xup_and3_0' of component 'Code_secret_xup_and3_0_0' [d:/Users/Nathan/Documents/INF1500/Labo/project_3/project_3.srcs/sources_1/bd/Code_Conversion/ipshared/8d83/src/Code_secret.vhd:133]
INFO: [Synth 8-6157] synthesizing module 'Code_secret_xup_and3_0_0' [d:/Users/Nathan/Documents/INF1500/Labo/project_3/project_3.srcs/sources_1/bd/Code_Conversion/ip/Code_Conversion_Code_secret_0_0/src/Code_secret_xup_and3_0_0/synth/Code_secret_xup_and3_0_0.v:57]
INFO: [Synth 8-6157] synthesizing module 'xup_and3' [d:/Users/Nathan/Documents/INF1500/Labo/project_3/project_3.srcs/sources_1/bd/Code_Conversion/ip/Code_Conversion_Code_secret_0_0/ipshared/b79c/xup_and3.srcs/sources_1/new/xup_and3.v:5]
	Parameter DELAY bound to: 3 - type: integer 
INFO: [Synth 8-6155] done synthesizing module 'xup_and3' (8#1) [d:/Users/Nathan/Documents/INF1500/Labo/project_3/project_3.srcs/sources_1/bd/Code_Conversion/ip/Code_Conversion_Code_secret_0_0/ipshared/b79c/xup_and3.srcs/sources_1/new/xup_and3.v:5]
INFO: [Synth 8-6155] done synthesizing module 'Code_secret_xup_and3_0_0' (9#1) [d:/Users/Nathan/Documents/INF1500/Labo/project_3/project_3.srcs/sources_1/bd/Code_Conversion/ip/Code_Conversion_Code_secret_0_0/src/Code_secret_xup_and3_0_0/synth/Code_secret_xup_and3_0_0.v:57]
INFO: [Synth 8-3491] module 'Code_secret_xup_and3_0_1' declared at 'd:/Users/Nathan/Documents/INF1500/Labo/project_3/project_3.srcs/sources_1/bd/Code_Conversion/ip/Code_Conversion_Code_secret_0_0/src/Code_secret_xup_and3_0_1/synth/Code_secret_xup_and3_0_1.v:57' bound to instance 'xup_and3_1' of component 'Code_secret_xup_and3_0_1' [d:/Users/Nathan/Documents/INF1500/Labo/project_3/project_3.srcs/sources_1/bd/Code_Conversion/ipshared/8d83/src/Code_secret.vhd:140]
INFO: [Synth 8-6157] synthesizing module 'Code_secret_xup_and3_0_1' [d:/Users/Nathan/Documents/INF1500/Labo/project_3/project_3.srcs/sources_1/bd/Code_Conversion/ip/Code_Conversion_Code_secret_0_0/src/Code_secret_xup_and3_0_1/synth/Code_secret_xup_and3_0_1.v:57]
INFO: [Synth 8-6155] done synthesizing module 'Code_secret_xup_and3_0_1' (10#1) [d:/Users/Nathan/Documents/INF1500/Labo/project_3/project_3.srcs/sources_1/bd/Code_Conversion/ip/Code_Conversion_Code_secret_0_0/src/Code_secret_xup_and3_0_1/synth/Code_secret_xup_and3_0_1.v:57]
INFO: [Synth 8-3491] module 'Code_secret_xup_inv_0_0' declared at 'd:/Users/Nathan/Documents/INF1500/Labo/project_3/project_3.srcs/sources_1/bd/Code_Conversion/ip/Code_Conversion_Code_secret_0_0/src/Code_secret_xup_inv_0_0/synth/Code_secret_xup_inv_0_0.v:57' bound to instance 'xup_inv_0' of component 'Code_secret_xup_inv_0_0' [d:/Users/Nathan/Documents/INF1500/Labo/project_3/project_3.srcs/sources_1/bd/Code_Conversion/ipshared/8d83/src/Code_secret.vhd:147]
INFO: [Synth 8-6157] synthesizing module 'Code_secret_xup_inv_0_0' [d:/Users/Nathan/Documents/INF1500/Labo/project_3/project_3.srcs/sources_1/bd/Code_Conversion/ip/Code_Conversion_Code_secret_0_0/src/Code_secret_xup_inv_0_0/synth/Code_secret_xup_inv_0_0.v:57]
INFO: [Synth 8-6157] synthesizing module 'xup_inv' [d:/Users/Nathan/Documents/INF1500/Labo/project_3/project_3.srcs/sources_1/bd/Code_Conversion/ip/Code_Conversion_Code_secret_0_0/ipshared/e3e7/xup_inv.srcs/sources_1/new/xup_inv.v:5]
	Parameter DELAY bound to: 3 - type: integer 
INFO: [Synth 8-6155] done synthesizing module 'xup_inv' (11#1) [d:/Users/Nathan/Documents/INF1500/Labo/project_3/project_3.srcs/sources_1/bd/Code_Conversion/ip/Code_Conversion_Code_secret_0_0/ipshared/e3e7/xup_inv.srcs/sources_1/new/xup_inv.v:5]
INFO: [Synth 8-6155] done synthesizing module 'Code_secret_xup_inv_0_0' (12#1) [d:/Users/Nathan/Documents/INF1500/Labo/project_3/project_3.srcs/sources_1/bd/Code_Conversion/ip/Code_Conversion_Code_secret_0_0/src/Code_secret_xup_inv_0_0/synth/Code_secret_xup_inv_0_0.v:57]
INFO: [Synth 8-3491] module 'Code_secret_xup_inv_0_1' declared at 'd:/Users/Nathan/Documents/INF1500/Labo/project_3/project_3.srcs/sources_1/bd/Code_Conversion/ip/Code_Conversion_Code_secret_0_0/src/Code_secret_xup_inv_0_1/synth/Code_secret_xup_inv_0_1.v:57' bound to instance 'xup_inv_1' of component 'Code_secret_xup_inv_0_1' [d:/Users/Nathan/Documents/INF1500/Labo/project_3/project_3.srcs/sources_1/bd/Code_Conversion/ipshared/8d83/src/Code_secret.vhd:152]
INFO: [Synth 8-6157] synthesizing module 'Code_secret_xup_inv_0_1' [d:/Users/Nathan/Documents/INF1500/Labo/project_3/project_3.srcs/sources_1/bd/Code_Conversion/ip/Code_Conversion_Code_secret_0_0/src/Code_secret_xup_inv_0_1/synth/Code_secret_xup_inv_0_1.v:57]
INFO: [Synth 8-6155] done synthesizing module 'Code_secret_xup_inv_0_1' (13#1) [d:/Users/Nathan/Documents/INF1500/Labo/project_3/project_3.srcs/sources_1/bd/Code_Conversion/ip/Code_Conversion_Code_secret_0_0/src/Code_secret_xup_inv_0_1/synth/Code_secret_xup_inv_0_1.v:57]
INFO: [Synth 8-3491] module 'Code_secret_xup_inv_0_2' declared at 'd:/Users/Nathan/Documents/INF1500/Labo/project_3/project_3.srcs/sources_1/bd/Code_Conversion/ip/Code_Conversion_Code_secret_0_0/src/Code_secret_xup_inv_0_2/synth/Code_secret_xup_inv_0_2.v:57' bound to instance 'xup_inv_2' of component 'Code_secret_xup_inv_0_2' [d:/Users/Nathan/Documents/INF1500/Labo/project_3/project_3.srcs/sources_1/bd/Code_Conversion/ipshared/8d83/src/Code_secret.vhd:157]
INFO: [Synth 8-6157] synthesizing module 'Code_secret_xup_inv_0_2' [d:/Users/Nathan/Documents/INF1500/Labo/project_3/project_3.srcs/sources_1/bd/Code_Conversion/ip/Code_Conversion_Code_secret_0_0/src/Code_secret_xup_inv_0_2/synth/Code_secret_xup_inv_0_2.v:57]
INFO: [Synth 8-6155] done synthesizing module 'Code_secret_xup_inv_0_2' (14#1) [d:/Users/Nathan/Documents/INF1500/Labo/project_3/project_3.srcs/sources_1/bd/Code_Conversion/ip/Code_Conversion_Code_secret_0_0/src/Code_secret_xup_inv_0_2/synth/Code_secret_xup_inv_0_2.v:57]
INFO: [Synth 8-256] done synthesizing module 'Code_secret' (15#1) [d:/Users/Nathan/Documents/INF1500/Labo/project_3/project_3.srcs/sources_1/bd/Code_Conversion/ipshared/8d83/src/Code_secret.vhd:25]
INFO: [Synth 8-256] done synthesizing module 'Code_Conversion_Code_secret_0_0' (16#1) [d:/Users/Nathan/Documents/INF1500/Labo/project_3/project_3.srcs/sources_1/bd/Code_Conversion/ip/Code_Conversion_Code_secret_0_0/synth/Code_Conversion_Code_secret_0_0.vhd:63]
WARNING: [Synth 8-3331] design xlconcat_v2_1_1_xlconcat has unconnected port In4[0]
WARNING: [Synth 8-3331] design xlconcat_v2_1_1_xlconcat has unconnected port In5[0]
WARNING: [Synth 8-3331] design xlconcat_v2_1_1_xlconcat has unconnected port In6[0]
WARNING: [Synth 8-3331] design xlconcat_v2_1_1_xlconcat has unconnected port In7[0]
WARNING: [Synth 8-3331] design xlconcat_v2_1_1_xlconcat has unconnected port In8[0]
WARNING: [Synth 8-3331] design xlconcat_v2_1_1_xlconcat has unconnected port In9[0]
WARNING: [Synth 8-3331] design xlconcat_v2_1_1_xlconcat has unconnected port In10[0]
WARNING: [Synth 8-3331] design xlconcat_v2_1_1_xlconcat has unconnected port In11[0]
WARNING: [Synth 8-3331] design xlconcat_v2_1_1_xlconcat has unconnected port In12[0]
WARNING: [Synth 8-3331] design xlconcat_v2_1_1_xlconcat has unconnected port In13[0]
WARNING: [Synth 8-3331] design xlconcat_v2_1_1_xlconcat has unconnected port In14[0]
WARNING: [Synth 8-3331] design xlconcat_v2_1_1_xlconcat has unconnected port In15[0]
WARNING: [Synth 8-3331] design xlconcat_v2_1_1_xlconcat has unconnected port In16[0]
WARNING: [Synth 8-3331] design xlconcat_v2_1_1_xlconcat has unconnected port In17[0]
WARNING: [Synth 8-3331] design xlconcat_v2_1_1_xlconcat has unconnected port In18[0]
WARNING: [Synth 8-3331] design xlconcat_v2_1_1_xlconcat has unconnected port In19[0]
WARNING: [Synth 8-3331] design xlconcat_v2_1_1_xlconcat has unconnected port In20[0]
WARNING: [Synth 8-3331] design xlconcat_v2_1_1_xlconcat has unconnected port In21[0]
WARNING: [Synth 8-3331] design xlconcat_v2_1_1_xlconcat has unconnected port In22[0]
WARNING: [Synth 8-3331] design xlconcat_v2_1_1_xlconcat has unconnected port In23[0]
WARNING: [Synth 8-3331] design xlconcat_v2_1_1_xlconcat has unconnected port In24[0]
WARNING: [Synth 8-3331] design xlconcat_v2_1_1_xlconcat has unconnected port In25[0]
WARNING: [Synth 8-3331] design xlconcat_v2_1_1_xlconcat has unconnected port In26[0]
WARNING: [Synth 8-3331] design xlconcat_v2_1_1_xlconcat has unconnected port In27[0]
WARNING: [Synth 8-3331] design xlconcat_v2_1_1_xlconcat has unconnected port In28[0]
WARNING: [Synth 8-3331] design xlconcat_v2_1_1_xlconcat has unconnected port In29[0]
WARNING: [Synth 8-3331] design xlconcat_v2_1_1_xlconcat has unconnected port In30[0]
WARNING: [Synth 8-3331] design xlconcat_v2_1_1_xlconcat has unconnected port In31[0]
---------------------------------------------------------------------------------
Finished RTL Elaboration : Time (s): cpu = 00:00:04 ; elapsed = 00:00:04 . Memory (MB): peak = 450.184 ; gain = 155.742
---------------------------------------------------------------------------------

Report Check Netlist: 
+------+------------------+-------+---------+-------+------------------+
|      |Item              |Errors |Warnings |Status |Description       |
+------+------------------+-------+---------+-------+------------------+
|1     |multi_driven_nets |      0|        0|Passed |Multi driven nets |
+------+------------------+-------+---------+-------+------------------+
---------------------------------------------------------------------------------
Start Handling Custom Attributes
---------------------------------------------------------------------------------
---------------------------------------------------------------------------------
Finished Handling Custom Attributes : Time (s): cpu = 00:00:04 ; elapsed = 00:00:04 . Memory (MB): peak = 450.184 ; gain = 155.742
---------------------------------------------------------------------------------
---------------------------------------------------------------------------------
Finished RTL Optimization Phase 1 : Time (s): cpu = 00:00:04 ; elapsed = 00:00:04 . Memory (MB): peak = 450.184 ; gain = 155.742
---------------------------------------------------------------------------------
INFO: [Device 21-403] Loading part xc7a100tcsg324-1
INFO: [Project 1-570] Preparing netlist for logic optimization

Processing XDC Constraints
Initializing timing engine
Parsing XDC File [d:/Users/Nathan/Documents/INF1500/Labo/project_3/project_3.srcs/sources_1/bd/Code_Conversion/ip/Code_Conversion_Code_secret_0_0/src/Code_secret_ooc.xdc] for cell 'U0'
Finished Parsing XDC File [d:/Users/Nathan/Documents/INF1500/Labo/project_3/project_3.srcs/sources_1/bd/Code_Conversion/ip/Code_Conversion_Code_secret_0_0/src/Code_secret_ooc.xdc] for cell 'U0'
Parsing XDC File [D:/Users/Nathan/Documents/INF1500/Labo/project_3/project_3.runs/Code_Conversion_Code_secret_0_0_synth_1/dont_touch.xdc]
Finished Parsing XDC File [D:/Users/Nathan/Documents/INF1500/Labo/project_3/project_3.runs/Code_Conversion_Code_secret_0_0_synth_1/dont_touch.xdc]
Completed Processing XDC Constraints

Netlist sorting complete. Time (s): cpu = 00:00:00 ; elapsed = 00:00:00 . Memory (MB): peak = 748.789 ; gain = 0.000
INFO: [Project 1-111] Unisim Transformation Summary:
No Unisim elements were transformed.

Netlist sorting complete. Time (s): cpu = 00:00:00 ; elapsed = 00:00:00 . Memory (MB): peak = 748.789 ; gain = 0.000
Constraint Validation Runtime : Time (s): cpu = 00:00:00 ; elapsed = 00:00:00.035 . Memory (MB): peak = 748.789 ; gain = 0.000
---------------------------------------------------------------------------------
Finished Constraint Validation : Time (s): cpu = 00:00:12 ; elapsed = 00:00:13 . Memory (MB): peak = 748.789 ; gain = 454.348
---------------------------------------------------------------------------------
---------------------------------------------------------------------------------
Start Loading Part and Timing Information
---------------------------------------------------------------------------------
Loading part: xc7a100tcsg324-1
---------------------------------------------------------------------------------
Finished Loading Part and Timing Information : Time (s): cpu = 00:00:12 ; elapsed = 00:00:13 . Memory (MB): peak = 748.789 ; gain = 454.348
---------------------------------------------------------------------------------
---------------------------------------------------------------------------------
Start Applying 'set_property' XDC Constraints
---------------------------------------------------------------------------------
Applied set_property DONT_TOUCH = true for U0. (constraint file  D:/Users/Nathan/Documents/INF1500/Labo/project_3/project_3.runs/Code_Conversion_Code_secret_0_0_synth_1/dont_touch.xdc, line 36).
Applied set_property DONT_TOUCH = true for U0/xup_and3_0. (constraint file  auto generated constraint, line ).
Applied set_property DONT_TOUCH = true for U0/xup_inv_0. (constraint file  auto generated constraint, line ).
Applied set_property DONT_TOUCH = true for U0/xup_inv_1. (constraint file  auto generated constraint, line ).
Applied set_property DONT_TOUCH = true for U0/xup_inv_2. (constraint file  auto generated constraint, line ).
Applied set_property DONT_TOUCH = true for U0/xup_and3_1. (constraint file  auto generated constraint, line ).
Applied set_property DONT_TOUCH = true for U0/xup_and2_0. (constraint file  auto generated constraint, line ).
Applied set_property DONT_TOUCH = true for U0/xup_and2_1. (constraint file  auto generated constraint, line ).
Applied set_property DONT_TOUCH = true for U0/ATAD_SPLIT_3_0. (constraint file  auto generated constraint, line ).
Applied set_property DONT_TOUCH = true for U0/xlconcat_0. (constraint file  auto generated constraint, line ).
---------------------------------------------------------------------------------
Finished applying 'set_property' XDC Constraints : Time (s): cpu = 00:00:12 ; elapsed = 00:00:13 . Memory (MB): peak = 748.789 ; gain = 454.348
---------------------------------------------------------------------------------
---------------------------------------------------------------------------------
Finished RTL Optimization Phase 2 : Time (s): cpu = 00:00:12 ; elapsed = 00:00:14 . Memory (MB): peak = 748.789 ; gain = 454.348
---------------------------------------------------------------------------------

Report RTL Partitions: 
+-+--------------+------------+----------+
| |RTL Partition |Replication |Instances |
+-+--------------+------------+----------+
+-+--------------+------------+----------+
---------------------------------------------------------------------------------
Start RTL Component Statistics 
---------------------------------------------------------------------------------
Detailed RTL Component Info : 
---------------------------------------------------------------------------------
Finished RTL Component Statistics 
---------------------------------------------------------------------------------
---------------------------------------------------------------------------------
Start RTL Hierarchical Component Statistics 
---------------------------------------------------------------------------------
Hierarchical RTL Component report 
---------------------------------------------------------------------------------
Finished RTL Hierarchical Component Statistics
---------------------------------------------------------------------------------
---------------------------------------------------------------------------------
Start Part Resource Summary
---------------------------------------------------------------------------------
Part Resources:
DSPs: 240 (col length:80)
BRAMs: 270 (col length: RAMB18 80 RAMB36 40)
---------------------------------------------------------------------------------
Finished Part Resource Summary
---------------------------------------------------------------------------------
---------------------------------------------------------------------------------
Start Cross Boundary and Area Optimization
---------------------------------------------------------------------------------
Warning: Parallel synthesis criteria is not met 
---------------------------------------------------------------------------------
Finished Cross Boundary and Area Optimization : Time (s): cpu = 00:00:13 ; elapsed = 00:00:14 . Memory (MB): peak = 748.789 ; gain = 454.348
---------------------------------------------------------------------------------

Report RTL Partitions: 
+-+--------------+------------+----------+
| |RTL Partition |Replication |Instances |
+-+--------------+------------+----------+
+-+--------------+------------+----------+
---------------------------------------------------------------------------------
Start Applying XDC Timing Constraints
---------------------------------------------------------------------------------
---------------------------------------------------------------------------------
Finished Applying XDC Timing Constraints : Time (s): cpu = 00:00:22 ; elapsed = 00:00:23 . Memory (MB): peak = 772.234 ; gain = 477.793
---------------------------------------------------------------------------------
---------------------------------------------------------------------------------
Start Timing Optimization
---------------------------------------------------------------------------------
---------------------------------------------------------------------------------
Finished Timing Optimization : Time (s): cpu = 00:00:22 ; elapsed = 00:00:23 . Memory (MB): peak = 772.234 ; gain = 477.793
---------------------------------------------------------------------------------

Report RTL Partitions: 
+-+--------------+------------+----------+
| |RTL Partition |Replication |Instances |
+-+--------------+------------+----------+
+-+--------------+------------+----------+
---------------------------------------------------------------------------------
Start Technology Mapping
---------------------------------------------------------------------------------
---------------------------------------------------------------------------------
Finished Technology Mapping : Time (s): cpu = 00:00:22 ; elapsed = 00:00:24 . Memory (MB): peak = 781.770 ; gain = 487.328
---------------------------------------------------------------------------------

Report RTL Partitions: 
+-+--------------+------------+----------+
| |RTL Partition |Replication |Instances |
+-+--------------+------------+----------+
+-+--------------+------------+----------+
---------------------------------------------------------------------------------
Start IO Insertion
---------------------------------------------------------------------------------
---------------------------------------------------------------------------------
Start Flattening Before IO Insertion
---------------------------------------------------------------------------------
---------------------------------------------------------------------------------
Finished Flattening Before IO Insertion
---------------------------------------------------------------------------------
---------------------------------------------------------------------------------
Start Final Netlist Cleanup
---------------------------------------------------------------------------------
---------------------------------------------------------------------------------
Finished Final Netlist Cleanup
---------------------------------------------------------------------------------
---------------------------------------------------------------------------------
Finished IO Insertion : Time (s): cpu = 00:00:24 ; elapsed = 00:00:25 . Memory (MB): peak = 781.770 ; gain = 487.328
---------------------------------------------------------------------------------

Report Check Netlist: 
+------+------------------+-------+---------+-------+------------------+
|      |Item              |Errors |Warnings |Status |Description       |
+------+------------------+-------+---------+-------+------------------+
|1     |multi_driven_nets |      0|        0|Passed |Multi driven nets |
+------+------------------+-------+---------+-------+------------------+
---------------------------------------------------------------------------------
Start Renaming Generated Instances
---------------------------------------------------------------------------------
---------------------------------------------------------------------------------
Finished Renaming Generated Instances : Time (s): cpu = 00:00:24 ; elapsed = 00:00:25 . Memory (MB): peak = 781.770 ; gain = 487.328
---------------------------------------------------------------------------------

Report RTL Partitions: 
+-+--------------+------------+----------+
| |RTL Partition |Replication |Instances |
+-+--------------+------------+----------+
+-+--------------+------------+----------+
---------------------------------------------------------------------------------
Start Rebuilding User Hierarchy
---------------------------------------------------------------------------------
---------------------------------------------------------------------------------
Finished Rebuilding User Hierarchy : Time (s): cpu = 00:00:24 ; elapsed = 00:00:25 . Memory (MB): peak = 781.770 ; gain = 487.328
---------------------------------------------------------------------------------
---------------------------------------------------------------------------------
Start Renaming Generated Ports
---------------------------------------------------------------------------------
---------------------------------------------------------------------------------
Finished Renaming Generated Ports : Time (s): cpu = 00:00:24 ; elapsed = 00:00:25 . Memory (MB): peak = 781.770 ; gain = 487.328
---------------------------------------------------------------------------------
---------------------------------------------------------------------------------
Start Handling Custom Attributes
---------------------------------------------------------------------------------
---------------------------------------------------------------------------------
Finished Handling Custom Attributes : Time (s): cpu = 00:00:24 ; elapsed = 00:00:25 . Memory (MB): peak = 781.770 ; gain = 487.328
---------------------------------------------------------------------------------
---------------------------------------------------------------------------------
Start Renaming Generated Nets
---------------------------------------------------------------------------------
---------------------------------------------------------------------------------
Finished Renaming Generated Nets : Time (s): cpu = 00:00:24 ; elapsed = 00:00:25 . Memory (MB): peak = 781.770 ; gain = 487.328
---------------------------------------------------------------------------------
---------------------------------------------------------------------------------
Start Writing Synthesis Report
---------------------------------------------------------------------------------

Report BlackBoxes: 
+-+--------------+----------+
| |BlackBox name |Instances |
+-+--------------+----------+
+-+--------------+----------+

Report Cell Usage: 
+------+-----+------+
|      |Cell |Count |
+------+-----+------+
|1     |LUT1 |     3|
|2     |LUT2 |     2|
|3     |LUT3 |     2|
+------+-----+------+

Report Instance Areas: 
+------+-------------------+-----------------------------+------+
|      |Instance           |Module                       |Cells |
+------+-------------------+-----------------------------+------+
|1     |top                |                             |     7|
|2     |  U0               |Code_secret                  |     7|
|3     |    ATAD_SPLIT_3_0 |Code_secret_ATAD_SPLIT_3_0_0 |     0|
|4     |    xlconcat_0     |Code_secret_xlconcat_0_0     |     0|
|5     |    xup_and2_0     |Code_secret_xup_and2_0_0     |     1|
|6     |    xup_and2_1     |Code_secret_xup_and2_0_1     |     1|
|7     |    xup_and3_0     |Code_secret_xup_and3_0_0     |     1|
|8     |      inst         |xup_and3_0                   |     1|
|9     |    xup_and3_1     |Code_secret_xup_and3_0_1     |     1|
|10    |      inst         |xup_and3                     |     1|
|11    |    xup_inv_0      |Code_secret_xup_inv_0_0      |     1|
|12    |    xup_inv_1      |Code_secret_xup_inv_0_1      |     1|
|13    |    xup_inv_2      |Code_secret_xup_inv_0_2      |     1|
+------+-------------------+-----------------------------+------+
---------------------------------------------------------------------------------
Finished Writing Synthesis Report : Time (s): cpu = 00:00:24 ; elapsed = 00:00:25 . Memory (MB): peak = 781.770 ; gain = 487.328
---------------------------------------------------------------------------------
Synthesis finished with 0 errors, 0 critical warnings and 0 warnings.
Synthesis Optimization Runtime : Time (s): cpu = 00:00:14 ; elapsed = 00:00:19 . Memory (MB): peak = 781.770 ; gain = 188.723
Synthesis Optimization Complete : Time (s): cpu = 00:00:24 ; elapsed = 00:00:26 . Memory (MB): peak = 781.770 ; gain = 487.328
INFO: [Project 1-571] Translating synthesized netlist
INFO: [Project 1-570] Preparing netlist for logic optimization
INFO: [Opt 31-138] Pushed 0 inverter(s) to 0 load pin(s).
Netlist sorting complete. Time (s): cpu = 00:00:00 ; elapsed = 00:00:00 . Memory (MB): peak = 793.730 ; gain = 0.000
INFO: [Project 1-111] Unisim Transformation Summary:
No Unisim elements were transformed.

INFO: [Common 17-83] Releasing license: Synthesis
55 Infos, 28 Warnings, 0 Critical Warnings and 0 Errors encountered.
synth_design completed successfully
synth_design: Time (s): cpu = 00:00:26 ; elapsed = 00:00:28 . Memory (MB): peak = 793.754 ; gain = 510.781
Netlist sorting complete. Time (s): cpu = 00:00:00 ; elapsed = 00:00:00 . Memory (MB): peak = 793.754 ; gain = 0.000
WARNING: [Constraints 18-5210] No constraints selected for write.
Resolution: This message can indicate that there are no constraints for the design, or it can indicate that the used_in flags are set such that the constraints are ignored. This later case is used when running synth_design to not write synthesis constraints to the resulting checkpoint. Instead, project constraints are read when the synthesized design is opened.
INFO: [Common 17-1381] The checkpoint 'D:/Users/Nathan/Documents/INF1500/Labo/project_3/project_3.runs/Code_Conversion_Code_secret_0_0_synth_1/Code_Conversion_Code_secret_0_0.dcp' has been generated.
INFO: [Coretcl 2-1648] Added synthesis output to IP cache for IP Code_Conversion_Code_secret_0_0, cache-ID = dc6aea28038b5621
INFO: [Coretcl 2-1174] Renamed 12 cell refs.
Netlist sorting complete. Time (s): cpu = 00:00:00 ; elapsed = 00:00:00 . Memory (MB): peak = 793.754 ; gain = 0.000
WARNING: [Constraints 18-5210] No constraints selected for write.
Resolution: This message can indicate that there are no constraints for the design, or it can indicate that the used_in flags are set such that the constraints are ignored. This later case is used when running synth_design to not write synthesis constraints to the resulting checkpoint. Instead, project constraints are read when the synthesized design is opened.
INFO: [Common 17-1381] The checkpoint 'D:/Users/Nathan/Documents/INF1500/Labo/project_3/project_3.runs/Code_Conversion_Code_secret_0_0_synth_1/Code_Conversion_Code_secret_0_0.dcp' has been generated.
INFO: [runtcl-4] Executing : report_utilization -file Code_Conversion_Code_secret_0_0_utilization_synth.rpt -pb Code_Conversion_Code_secret_0_0_utilization_synth.pb
INFO: [Common 17-206] Exiting Vivado at Tue Oct 22 11:30:19 2019...
