INFO: [VRFC 10-2263] Analyzing Verilog file "D:/Users/Nathan/Documents/INF1500/Labo/project_3/project_3.srcs/sources_1/bd/MUX_2_to_1_4B/ip/MUX_2_vers_1_4bits_MUX_1B_0_0/ipshared/b79c/xup_and3.srcs/sources_1/new/xup_and3.v" into library xil_defaultlib
INFO: [VRFC 10-311] analyzing module xup_and3
INFO: [VRFC 10-2263] Analyzing Verilog file "D:/Users/Nathan/Documents/INF1500/Labo/project_3/project_3.srcs/sources_1/bd/MUX_2_to_1_4B/ip/MUX_2_vers_1_4bits_MUX_1B_0_0/src/MUX_1B_xup_and3_0_0/sim/MUX_1B_xup_and3_0_0.v" into library xil_defaultlib
INFO: [VRFC 10-311] analyzing module MUX_1B_xup_and3_0_0
INFO: [VRFC 10-2263] Analyzing Verilog file "D:/Users/Nathan/Documents/INF1500/Labo/project_3/project_3.srcs/sources_1/bd/MUX_2_to_1_4B/ip/MUX_2_vers_1_4bits_MUX_1B_0_0/ipshared/e3e7/xup_inv.srcs/sources_1/new/xup_inv.v" into library xil_defaultlib
INFO: [VRFC 10-311] analyzing module xup_inv
INFO: [VRFC 10-2263] Analyzing Verilog file "D:/Users/Nathan/Documents/INF1500/Labo/project_3/project_3.srcs/sources_1/bd/MUX_2_to_1_4B/ip/MUX_2_vers_1_4bits_MUX_1B_0_0/src/MUX_1B_xup_inv_0_0/sim/MUX_1B_xup_inv_0_0.v" into library xil_defaultlib
INFO: [VRFC 10-311] analyzing module MUX_1B_xup_inv_0_0
INFO: [VRFC 10-2263] Analyzing Verilog file "D:/Users/Nathan/Documents/INF1500/Labo/project_3/project_3.srcs/sources_1/bd/MUX_2_to_1_4B/ip/MUX_2_vers_1_4bits_MUX_1B_0_0/src/MUX_1B_xup_inv_0_1/sim/MUX_1B_xup_inv_0_1.v" into library xil_defaultlib
INFO: [VRFC 10-311] analyzing module MUX_1B_xup_inv_0_1
INFO: [VRFC 10-2263] Analyzing Verilog file "D:/Users/Nathan/Documents/INF1500/Labo/project_3/project_3.srcs/sources_1/bd/MUX_2_to_1_4B/ip/MUX_2_vers_1_4bits_MUX_1B_0_0/src/MUX_1B_xup_and3_0_1/sim/MUX_1B_xup_and3_0_1.v" into library xil_defaultlib
INFO: [VRFC 10-311] analyzing module MUX_1B_xup_and3_0_1
INFO: [VRFC 10-2263] Analyzing Verilog file "D:/Users/Nathan/Documents/INF1500/Labo/project_3/project_3.srcs/sources_1/bd/MUX_2_to_1_4B/ip/MUX_2_vers_1_4bits_MUX_1B_0_0/src/MUX_1B_xup_and3_0_2/sim/MUX_1B_xup_and3_0_2.v" into library xil_defaultlib
INFO: [VRFC 10-311] analyzing module MUX_1B_xup_and3_0_2
INFO: [VRFC 10-2263] Analyzing Verilog file "D:/Users/Nathan/Documents/INF1500/Labo/project_3/project_3.srcs/sources_1/bd/MUX_2_to_1_4B/ip/MUX_2_vers_1_4bits_MUX_1B_0_0/src/MUX_1B_xup_and3_0_3/sim/MUX_1B_xup_and3_0_3.v" into library xil_defaultlib
INFO: [VRFC 10-311] analyzing module MUX_1B_xup_and3_0_3
INFO: [VRFC 10-2263] Analyzing Verilog file "D:/Users/Nathan/Documents/INF1500/Labo/project_3/project_3.srcs/sources_1/bd/MUX_2_to_1_4B/ip/MUX_2_vers_1_4bits_MUX_1B_0_0/ipshared/1eaf/xup_or4.srcs/sources_1/new/xup_or4.v" into library xil_defaultlib
INFO: [VRFC 10-311] analyzing module xup_or4
INFO: [VRFC 10-2263] Analyzing Verilog file "D:/Users/Nathan/Documents/INF1500/Labo/project_3/project_3.srcs/sources_1/bd/MUX_2_to_1_4B/ip/MUX_2_vers_1_4bits_MUX_1B_0_0/src/MUX_1B_xup_or4_0_0/sim/MUX_1B_xup_or4_0_0.v" into library xil_defaultlib
INFO: [VRFC 10-311] analyzing module MUX_1B_xup_or4_0_0
INFO: [VRFC 10-2263] Analyzing Verilog file "D:/Users/Nathan/Documents/INF1500/Labo/project_3/project_3.srcs/sources_1/bd/MUX_2_to_1_4B/ip/MUX_2_vers_1_4bits_xlconstant_0_0/sim/MUX_2_vers_1_4bits_xlconstant_0_0.v" into library xil_defaultlib
INFO: [VRFC 10-311] analyzing module MUX_2_vers_1_4bits_xlconstant_0_0
INFO: [VRFC 10-2263] Analyzing Verilog file "D:/Users/Nathan/Documents/INF1500/Labo/project_3/project_3.srcs/sources_1/bd/MUX_2_to_1_4B/ip/MUX_2_vers_1_4bits_xlconcat_0_0/sim/MUX_2_vers_1_4bits_xlconcat_0_0.v" into library xil_defaultlib
INFO: [VRFC 10-311] analyzing module MUX_2_vers_1_4bits_xlconcat_0_0
