#-----------------------------------------------------------
# Vivado v2018.3 (64-bit)
# SW Build 2405991 on Thu Dec  6 23:38:27 MST 2018
# IP Build 2404404 on Fri Dec  7 01:43:56 MST 2018
# Start of session at: Mon Nov 11 14:29:18 2019
# Process ID: 12908
# Current directory: D:/Users/Nathan/Documents/INF1500/Labo/project_4
# Command line: vivado.exe -gui_launcher_event rodinguilauncherevent7632 D:\Users\Nathan\Documents\INF1500\Labo\project_4\project_4.xpr
# Log file: D:/Users/Nathan/Documents/INF1500/Labo/project_4/vivado.log
# Journal file: D:/Users/Nathan/Documents/INF1500/Labo/project_4\vivado.jou
#-----------------------------------------------------------
start_gui
open_project D:/Users/Nathan/Documents/INF1500/Labo/project_4/project_4.xpr
Scanning sources...
Finished scanning sources
INFO: [IP_Flow 19-234] Refreshing IP repositories
INFO: [IP_Flow 19-1704] No user IP repositories specified
INFO: [IP_Flow 19-2313] Loaded Vivado IP repository 'D:/Users/Nathan/Xilinx/Vivado/2018.3/data/ip'.
open_project: Time (s): cpu = 00:00:34 ; elapsed = 00:00:16 . Memory (MB): peak = 723.637 ; gain = 129.313
update_compile_order -fileset sources_1
reset_run synth_1
launch_runs impl_1 -jobs 8
[Mon Nov 11 14:40:07 2019] Launched synth_1...
Run output will be captured here: D:/Users/Nathan/Documents/INF1500/Labo/project_4/project_4.runs/synth_1/runme.log
[Mon Nov 11 14:40:07 2019] Launched impl_1...
Run output will be captured here: D:/Users/Nathan/Documents/INF1500/Labo/project_4/project_4.runs/impl_1/runme.log
