INFO: [VRFC 10-2263] Analyzing Verilog file "D:/Users/Nathan/Documents/INF1500/Labo/project_3/project_3.ip_user_files/bd/code_Gray/ipshared/778c/xup_and2.srcs/sources_1/new/xup_and2.v" into library xil_defaultlib
INFO: [VRFC 10-311] analyzing module xup_and2
INFO: [VRFC 10-2263] Analyzing Verilog file "D:/Users/Nathan/Documents/INF1500/Labo/project_3/project_3.ip_user_files/bd/code_Gray/ip/code_Gray_xup_and2_0_0/sim/code_Gray_xup_and2_0_0.v" into library xil_defaultlib
INFO: [VRFC 10-311] analyzing module code_Gray_xup_and2_0_0
INFO: [VRFC 10-2263] Analyzing Verilog file "D:/Users/Nathan/Documents/INF1500/Labo/project_3/project_3.ip_user_files/bd/code_Gray/ipshared/1ec9/xup_or2.srcs/sources_1/new/xup_or2.v" into library xil_defaultlib
INFO: [VRFC 10-311] analyzing module xup_or2
INFO: [VRFC 10-2263] Analyzing Verilog file "D:/Users/Nathan/Documents/INF1500/Labo/project_3/project_3.ip_user_files/bd/code_Gray/ip/code_Gray_xup_or2_0_0/sim/code_Gray_xup_or2_0_0.v" into library xil_defaultlib
INFO: [VRFC 10-311] analyzing module code_Gray_xup_or2_0_0
INFO: [VRFC 10-2263] Analyzing Verilog file "D:/Users/Nathan/Documents/INF1500/Labo/project_3/project_3.ip_user_files/bd/code_Gray/ip/code_Gray_xup_or2_0_3/sim/code_Gray_xup_or2_0_3.v" into library xil_defaultlib
INFO: [VRFC 10-311] analyzing module code_Gray_xup_or2_0_3
INFO: [VRFC 10-2263] Analyzing Verilog file "D:/Users/Nathan/Documents/INF1500/Labo/project_3/project_3.ip_user_files/bd/code_Gray/ipshared/e3e7/xup_inv.srcs/sources_1/new/xup_inv.v" into library xil_defaultlib
INFO: [VRFC 10-311] analyzing module xup_inv
INFO: [VRFC 10-2263] Analyzing Verilog file "D:/Users/Nathan/Documents/INF1500/Labo/project_3/project_3.ip_user_files/bd/code_Gray/ip/code_Gray_xup_inv_0_0/sim/code_Gray_xup_inv_0_0.v" into library xil_defaultlib
INFO: [VRFC 10-311] analyzing module code_Gray_xup_inv_0_0
INFO: [VRFC 10-2263] Analyzing Verilog file "D:/Users/Nathan/Documents/INF1500/Labo/project_3/project_3.ip_user_files/bd/code_Gray/ip/code_Gray_xup_and2_0_1/sim/code_Gray_xup_and2_0_1.v" into library xil_defaultlib
INFO: [VRFC 10-311] analyzing module code_Gray_xup_and2_0_1
INFO: [VRFC 10-2263] Analyzing Verilog file "D:/Users/Nathan/Documents/INF1500/Labo/project_3/project_3.ip_user_files/bd/code_Gray/ip/code_Gray_xup_inv_0_1/sim/code_Gray_xup_inv_0_1.v" into library xil_defaultlib
INFO: [VRFC 10-311] analyzing module code_Gray_xup_inv_0_1
INFO: [VRFC 10-2263] Analyzing Verilog file "D:/Users/Nathan/Documents/INF1500/Labo/project_3/project_3.ip_user_files/bd/code_Gray/ip/code_Gray_xup_and2_0_2/sim/code_Gray_xup_and2_0_2.v" into library xil_defaultlib
INFO: [VRFC 10-311] analyzing module code_Gray_xup_and2_0_2
INFO: [VRFC 10-2263] Analyzing Verilog file "D:/Users/Nathan/Documents/INF1500/Labo/project_3/project_3.ip_user_files/bd/code_Gray/ip/code_Gray_xup_inv_1_0/sim/code_Gray_xup_inv_1_0.v" into library xil_defaultlib
INFO: [VRFC 10-311] analyzing module code_Gray_xup_inv_1_0
INFO: [VRFC 10-2263] Analyzing Verilog file "D:/Users/Nathan/Documents/INF1500/Labo/project_3/project_3.ip_user_files/bd/code_Gray/ip/code_Gray_xup_and2_2_0/sim/code_Gray_xup_and2_2_0.v" into library xil_defaultlib
INFO: [VRFC 10-311] analyzing module code_Gray_xup_and2_2_0
INFO: [VRFC 10-2263] Analyzing Verilog file "D:/Users/Nathan/Documents/INF1500/Labo/project_3/project_3.ip_user_files/bd/code_Gray/ip/code_Gray_xup_or2_3_0/sim/code_Gray_xup_or2_3_0.v" into library xil_defaultlib
INFO: [VRFC 10-311] analyzing module code_Gray_xup_or2_3_0
INFO: [VRFC 10-2263] Analyzing Verilog file "D:/Users/Nathan/Documents/INF1500/Labo/project_3/project_3.ip_user_files/bd/code_Gray/ip/code_Gray_xup_and2_3_0/sim/code_Gray_xup_and2_3_0.v" into library xil_defaultlib
INFO: [VRFC 10-311] analyzing module code_Gray_xup_and2_3_0
INFO: [VRFC 10-2263] Analyzing Verilog file "D:/Users/Nathan/Documents/INF1500/Labo/project_3/project_3.srcs/sources_1/bd/code_Gray/ipshared/2f66/hdl/xlconcat_v2_1_vl_rfs.v" into library xlconcat_v2_1_1
INFO: [VRFC 10-311] analyzing module xlconcat_v2_1_1_xlconcat
INFO: [VRFC 10-2263] Analyzing Verilog file "D:/Users/Nathan/Documents/INF1500/Labo/project_3/project_3.ip_user_files/bd/code_Gray/ip/code_Gray_xlconcat_0_0/sim/code_Gray_xlconcat_0_0.v" into library xil_defaultlib
INFO: [VRFC 10-311] analyzing module code_Gray_xlconcat_0_0
INFO: [VRFC 10-2263] Analyzing Verilog file "D:/Users/Nathan/Documents/INF1500/Labo/project_3/project_3.ip_user_files/bd/code_Gray/ip/code_Gray_xup_and2_0_3/sim/code_Gray_xup_and2_0_3.v" into library xil_defaultlib
INFO: [VRFC 10-311] analyzing module code_Gray_xup_and2_0_3
INFO: [VRFC 10-2263] Analyzing Verilog file "D:/Users/Nathan/Documents/INF1500/Labo/project_3/project_3.ip_user_files/bd/code_Gray/ip/code_Gray_xup_or2_0_2/sim/code_Gray_xup_or2_0_2.v" into library xil_defaultlib
INFO: [VRFC 10-311] analyzing module code_Gray_xup_or2_0_2
INFO: [VRFC 10-2263] Analyzing Verilog file "D:/Users/Nathan/Documents/INF1500/Labo/project_3/project_3.ip_user_files/bd/code_Gray/ip/code_Gray_xup_inv_0_2/sim/code_Gray_xup_inv_0_2.v" into library xil_defaultlib
INFO: [VRFC 10-311] analyzing module code_Gray_xup_inv_0_2
INFO: [VRFC 10-2263] Analyzing Verilog file "D:/Users/Nathan/Documents/INF1500/Labo/project_3/project_3.ip_user_files/bd/code_Gray/ip/code_Gray_xup_and2_5_0/sim/code_Gray_xup_and2_5_0.v" into library xil_defaultlib
INFO: [VRFC 10-311] analyzing module code_Gray_xup_and2_5_0
INFO: [VRFC 10-163] Analyzing VHDL file "D:/Users/Nathan/Documents/INF1500/Labo/project_3/project_3.ip_user_files/bd/code_Gray/sim/code_Gray.vhd" into library xil_defaultlib
INFO: [VRFC 10-3107] analyzing entity 'code_Gray'
INFO: [VRFC 10-163] Analyzing VHDL file "D:/Users/Nathan/Documents/INF1500/Labo/project_3/project_3.srcs/sources_1/bd/code_Gray/hdl/code_Gray_wrapper.vhd" into library xil_defaultlib
INFO: [VRFC 10-3107] analyzing entity 'code_Gray_wrapper'
