Vivado Simulator 2018.3
Copyright 1986-1999, 2001-2018 Xilinx, Inc. All Rights Reserved.
Running: D:/Users/Nathan/Xilinx/Vivado/2018.3/bin/unwrapped/win64.o/xelab.exe -wto ce2e0e73ea8e4541ba08e80a2e0fde5b --incr --debug typical --relax --mt 2 -L xil_defaultlib -L xlconcat_v2_1_1 -L unisims_ver -L unimacro_ver -L secureip -L xpm --snapshot code_Gray_wrapper_behav xil_defaultlib.code_Gray_wrapper xil_defaultlib.glbl -log elaborate.log 
Using 2 slave threads.
Starting static elaboration
Completed static elaboration
Starting simulation data flow analysis
Completed simulation data flow analysis
Time Resolution for simulation is 1ps
Compiling package std.standard
Compiling package std.textio
Compiling package ieee.std_logic_1164
Compiling package ieee.numeric_std
Compiling package unisim.vcomponents
Compiling package vl.vl_types
Compiling module xil_defaultlib.glbl
Compiling module xlconcat_v2_1_1.xlconcat_v2_1_1_xlconcat(dout_wi...
Compiling module xil_defaultlib.code_Gray_xlconcat_0_0
Compiling module xil_defaultlib.xup_and2
Compiling module xil_defaultlib.code_Gray_xup_and2_0_0
Compiling module xil_defaultlib.code_Gray_xup_and2_0_1
Compiling module xil_defaultlib.code_Gray_xup_and2_0_2
Compiling module xil_defaultlib.code_Gray_xup_and2_2_0
Compiling module xil_defaultlib.code_Gray_xup_and2_3_0
Compiling module xil_defaultlib.code_Gray_xup_and2_0_3
Compiling module xil_defaultlib.code_Gray_xup_and2_5_0
Compiling module xil_defaultlib.xup_inv
Compiling module xil_defaultlib.code_Gray_xup_inv_0_0
Compiling module xil_defaultlib.code_Gray_xup_inv_0_1
Compiling module xil_defaultlib.code_Gray_xup_inv_1_0
Compiling module xil_defaultlib.code_Gray_xup_inv_0_2
Compiling module xil_defaultlib.xup_or2
Compiling module xil_defaultlib.code_Gray_xup_or2_0_0
Compiling module xil_defaultlib.code_Gray_xup_or2_0_2
Compiling module xil_defaultlib.code_Gray_xup_or2_0_3
Compiling module xil_defaultlib.code_Gray_xup_or2_3_0
Compiling architecture structure of entity xil_defaultlib.code_Gray [code_gray_default]
Compiling architecture structure of entity xil_defaultlib.code_gray_wrapper
Built simulation snapshot code_Gray_wrapper_behav
