INFO: [VRFC 10-2263] Analyzing Verilog file "D:/Users/Nathan/Documents/INF1500/Labo/project_2/project_2.ip_user_files/bd/MUX_1B/ipshared/b79c/xup_and3.srcs/sources_1/new/xup_and3.v" into library xil_defaultlib
INFO: [VRFC 10-311] analyzing module xup_and3
INFO: [VRFC 10-2263] Analyzing Verilog file "D:/Users/Nathan/Documents/INF1500/Labo/project_2/project_2.ip_user_files/bd/MUX_1B/ip/MUX_1B_xup_and3_0_0/sim/MUX_1B_xup_and3_0_0.v" into library xil_defaultlib
INFO: [VRFC 10-311] analyzing module MUX_1B_xup_and3_0_0
INFO: [VRFC 10-2263] Analyzing Verilog file "D:/Users/Nathan/Documents/INF1500/Labo/project_2/project_2.ip_user_files/bd/MUX_1B/ip/MUX_1B_xup_and3_1_0/sim/MUX_1B_xup_and3_1_0.v" into library xil_defaultlib
INFO: [VRFC 10-311] analyzing module MUX_1B_xup_and3_1_0
INFO: [VRFC 10-2263] Analyzing Verilog file "D:/Users/Nathan/Documents/INF1500/Labo/project_2/project_2.ip_user_files/bd/MUX_1B/ip/MUX_1B_xup_and3_2_0/sim/MUX_1B_xup_and3_2_0.v" into library xil_defaultlib
INFO: [VRFC 10-311] analyzing module MUX_1B_xup_and3_2_0
INFO: [VRFC 10-2263] Analyzing Verilog file "D:/Users/Nathan/Documents/INF1500/Labo/project_2/project_2.ip_user_files/bd/MUX_1B/ip/MUX_1B_xup_and3_3_0/sim/MUX_1B_xup_and3_3_0.v" into library xil_defaultlib
INFO: [VRFC 10-311] analyzing module MUX_1B_xup_and3_3_0
INFO: [VRFC 10-2263] Analyzing Verilog file "D:/Users/Nathan/Documents/INF1500/Labo/project_2/project_2.ip_user_files/bd/MUX_1B/ipshared/1eaf/xup_or4.srcs/sources_1/new/xup_or4.v" into library xil_defaultlib
INFO: [VRFC 10-311] analyzing module xup_or4
INFO: [VRFC 10-2263] Analyzing Verilog file "D:/Users/Nathan/Documents/INF1500/Labo/project_2/project_2.ip_user_files/bd/MUX_1B/ip/MUX_1B_xup_or4_0_0/sim/MUX_1B_xup_or4_0_0.v" into library xil_defaultlib
INFO: [VRFC 10-311] analyzing module MUX_1B_xup_or4_0_0
INFO: [VRFC 10-2263] Analyzing Verilog file "D:/Users/Nathan/Documents/INF1500/Labo/project_2/project_2.ip_user_files/bd/MUX_1B/ipshared/e3e7/xup_inv.srcs/sources_1/new/xup_inv.v" into library xil_defaultlib
INFO: [VRFC 10-311] analyzing module xup_inv
INFO: [VRFC 10-2263] Analyzing Verilog file "D:/Users/Nathan/Documents/INF1500/Labo/project_2/project_2.ip_user_files/bd/MUX_1B/ip/MUX_1B_xup_inv_0_0/sim/MUX_1B_xup_inv_0_0.v" into library xil_defaultlib
INFO: [VRFC 10-311] analyzing module MUX_1B_xup_inv_0_0
INFO: [VRFC 10-2263] Analyzing Verilog file "D:/Users/Nathan/Documents/INF1500/Labo/project_2/project_2.ip_user_files/bd/MUX_1B/ip/MUX_1B_xup_inv_1_0/sim/MUX_1B_xup_inv_1_0.v" into library xil_defaultlib
INFO: [VRFC 10-311] analyzing module MUX_1B_xup_inv_1_0
INFO: [VRFC 10-2263] Analyzing Verilog file "D:/Users/Nathan/Documents/INF1500/Labo/project_2/project_2.ip_user_files/bd/MUX_1B/sim/MUX_1B.v" into library xil_defaultlib
INFO: [VRFC 10-311] analyzing module MUX_1B
INFO: [VRFC 10-2263] Analyzing Verilog file "D:/Users/Nathan/Documents/INF1500/Labo/project_2/project_2.ip_user_files/bd/MUX_1B/ip/MUX_1B_xup_and3_0_2/sim/MUX_1B_xup_and3_0_2.v" into library xil_defaultlib
INFO: [VRFC 10-311] analyzing module MUX_1B_xup_and3_0_2
INFO: [VRFC 10-2263] Analyzing Verilog file "D:/Users/Nathan/Documents/INF1500/Labo/project_2/project_2.ip_user_files/bd/MUX_1B/ip/MUX_1B_xup_and3_1_2/sim/MUX_1B_xup_and3_1_2.v" into library xil_defaultlib
INFO: [VRFC 10-311] analyzing module MUX_1B_xup_and3_1_2
INFO: [VRFC 10-2263] Analyzing Verilog file "D:/Users/Nathan/Documents/INF1500/Labo/project_2/project_2.ip_user_files/bd/MUX_1B/ip/MUX_1B_xup_and3_2_2/sim/MUX_1B_xup_and3_2_2.v" into library xil_defaultlib
INFO: [VRFC 10-311] analyzing module MUX_1B_xup_and3_2_2
INFO: [VRFC 10-2263] Analyzing Verilog file "D:/Users/Nathan/Documents/INF1500/Labo/project_2/project_2.ip_user_files/bd/MUX_1B/ip/MUX_1B_xup_and3_3_2/sim/MUX_1B_xup_and3_3_2.v" into library xil_defaultlib
INFO: [VRFC 10-311] analyzing module MUX_1B_xup_and3_3_2
INFO: [VRFC 10-2263] Analyzing Verilog file "D:/Users/Nathan/Documents/INF1500/Labo/project_2/project_2.ip_user_files/bd/MUX_1B/ip/MUX_1B_xup_or4_0_2/sim/MUX_1B_xup_or4_0_2.v" into library xil_defaultlib
INFO: [VRFC 10-311] analyzing module MUX_1B_xup_or4_0_2
INFO: [VRFC 10-2263] Analyzing Verilog file "D:/Users/Nathan/Documents/INF1500/Labo/project_2/project_2.ip_user_files/bd/MUX_1B/ip/MUX_1B_xup_inv_0_2/sim/MUX_1B_xup_inv_0_2.v" into library xil_defaultlib
INFO: [VRFC 10-311] analyzing module MUX_1B_xup_inv_0_2
INFO: [VRFC 10-2263] Analyzing Verilog file "D:/Users/Nathan/Documents/INF1500/Labo/project_2/project_2.ip_user_files/bd/MUX_1B/ip/MUX_1B_xup_inv_1_2/sim/MUX_1B_xup_inv_1_2.v" into library xil_defaultlib
INFO: [VRFC 10-311] analyzing module MUX_1B_xup_inv_1_2
INFO: [VRFC 10-2263] Analyzing Verilog file "D:/Users/Nathan/Documents/INF1500/Labo/project_2/project_2.srcs/sources_1/bd/MUX_1B/hdl/MUX_1B_wrapper.v" into library xil_defaultlib
INFO: [VRFC 10-311] analyzing module MUX_1B_wrapper
