#-----------------------------------------------------------
# Vivado v2019.1 (64-bit)
# SW Build 2552052 on Fri May 24 14:49:42 MDT 2019
# IP Build 2548770 on Fri May 24 18:01:18 MDT 2019
# Start of session at: Tue Oct  8 15:04:56 2019
# Process ID: 18340
# Current directory: D:/Users/Nathan/Professionnal Drive/Universite/Cours/INF1500/Labo/TP/project_1
# Command line: vivado.exe -gui_launcher_event rodinguilauncherevent9552 D:\Users\Nathan\Professionnal Drive\Universite\Cours\INF1500\Labo\TP\project_1\project_1.xpr
# Log file: D:/Users/Nathan/Professionnal Drive/Universite/Cours/INF1500/Labo/TP/project_1/vivado.log
# Journal file: D:/Users/Nathan/Professionnal Drive/Universite/Cours/INF1500/Labo/TP/project_1\vivado.jou
#-----------------------------------------------------------
start_gui
open_project {D:/Users/Nathan/Professionnal Drive/Universite/Cours/INF1500/Labo/TP/project_1/project_1.xpr}
Scanning sources...
Finished scanning sources
WARNING: [filemgmt 56-3] IP Repository Path: Could not find the directory 'D:/Users/Nathan/Professionnal Drive/Universite/Cours/INF1500/Labo/ip_repo/DIV__5B_4'.
WARNING: [filemgmt 56-3] IP Repository Path: Could not find the directory 'D:/Users/Nathan/Professionnal Drive/Universite/Cours/INF1500/Labo/ip_repo/MIROIR_5B'.
WARNING: [filemgmt 56-3] IP Repository Path: Could not find the directory 'D:/Users/Nathan/Professionnal Drive/Universite/Cours/INF1500/Labo/ip_repo/four_bit_full_adder'.
WARNING: [filemgmt 56-3] IP Repository Path: Could not find the directory 'D:/Users/Nathan/Professionnal Drive/Universite/Cours/INF1500/Labo/ip_repo/one_bit_full_adder'.
INFO: [IP_Flow 19-234] Refreshing IP repositories
INFO: [IP_Flow 19-1700] Loaded user IP repository 'd:/Users/Nathan/Professionnal Drive/Universite/Cours/INF1500/Labo/ip_repo/ATAD_LIB'.
WARNING: [IP_Flow 19-2248] Failed to load user IP repository 'd:/Users/Nathan/Professionnal Drive/Universite/Cours/INF1500/Labo/ip_repo/DIV__5B_4'; Can't find the specified path.
If this directory should no longer be in your list of user repositories, go to the IP Settings dialog and remove it.
WARNING: [IP_Flow 19-2248] Failed to load user IP repository 'd:/Users/Nathan/Professionnal Drive/Universite/Cours/INF1500/Labo/ip_repo/MIROIR_5B'; Can't find the specified path.
If this directory should no longer be in your list of user repositories, go to the IP Settings dialog and remove it.
INFO: [IP_Flow 19-1700] Loaded user IP repository 'd:/Users/Nathan/Professionnal Drive/Universite/Cours/INF1500/Labo/ip_repo/XUP_LIB'.
WARNING: [IP_Flow 19-2248] Failed to load user IP repository 'd:/Users/Nathan/Professionnal Drive/Universite/Cours/INF1500/Labo/ip_repo/four_bit_full_adder'; Can't find the specified path.
If this directory should no longer be in your list of user repositories, go to the IP Settings dialog and remove it.
WARNING: [IP_Flow 19-2248] Failed to load user IP repository 'd:/Users/Nathan/Professionnal Drive/Universite/Cours/INF1500/Labo/ip_repo/one_bit_full_adder'; Can't find the specified path.
If this directory should no longer be in your list of user repositories, go to the IP Settings dialog and remove it.
INFO: [IP_Flow 19-2313] Loaded Vivado IP repository 'D:/Users/Nathan/Xilinx/Vivado/2019.1/data/ip'.
WARNING: [BD 41-1661] One or more IPs have been locked in the design 'four_bit_full_adder.bd'. Please run report_ip_status for more details and recommendations on how to fix this issue.
List of locked IPs:
four_bit_full_adder_one_bit_full_adder_0_0
four_bit_full_adder_one_bit_full_adder_0_1
four_bit_full_adder_one_bit_full_adder_0_2
four_bit_full_adder_one_bit_full_adder_0_3

open_project: Time (s): cpu = 00:00:17 ; elapsed = 00:00:06 . Memory (MB): peak = 730.973 ; gain = 99.445
update_compile_order -fileset sources_1
ipx::package_project -root_dir {D:/Users/Nathan/Professionnal Drive/Universite/Cours/INF1500/Labo/ip_repo} -vendor xilinx.com -library user -taxonomy /UserIP -module one_bit_full_adder -import_files
INFO: [BD 41-1662] The design 'one_bit_full_adder.bd' is already validated. Therefore parameter propagation will not be re-run.
VHDL Output written to : D:/Users/Nathan/Professionnal Drive/Universite/Cours/INF1500/Labo/TP/project_1/project_1.srcs/sources_1/bd/one_bit_full_adder/synth/one_bit_full_adder.v
VHDL Output written to : D:/Users/Nathan/Professionnal Drive/Universite/Cours/INF1500/Labo/TP/project_1/project_1.srcs/sources_1/bd/one_bit_full_adder/sim/one_bit_full_adder.v
VHDL Output written to : D:/Users/Nathan/Professionnal Drive/Universite/Cours/INF1500/Labo/TP/project_1/project_1.srcs/sources_1/bd/one_bit_full_adder/hdl/one_bit_full_adder_wrapper.v
INFO: [BD 41-1029] Generation completed for the IP Integrator block xup_and2_0 .
INFO: [BD 41-1029] Generation completed for the IP Integrator block xup_and2_1 .
INFO: [BD 41-1029] Generation completed for the IP Integrator block xup_and2_2 .
INFO: [BD 41-1029] Generation completed for the IP Integrator block xup_or3_0 .
INFO: [BD 41-1029] Generation completed for the IP Integrator block xup_xor2_0 .
INFO: [BD 41-1029] Generation completed for the IP Integrator block xup_xor2_1 .
Exporting to file D:/Users/Nathan/Professionnal Drive/Universite/Cours/INF1500/Labo/TP/project_1/project_1.srcs/sources_1/bd/one_bit_full_adder/hw_handoff/one_bit_full_adder.hwh
Generated Block Design Tcl file D:/Users/Nathan/Professionnal Drive/Universite/Cours/INF1500/Labo/TP/project_1/project_1.srcs/sources_1/bd/one_bit_full_adder/hw_handoff/one_bit_full_adder_bd.tcl
Generated Hardware Definition File D:/Users/Nathan/Professionnal Drive/Universite/Cours/INF1500/Labo/TP/project_1/project_1.srcs/sources_1/bd/one_bit_full_adder/synth/one_bit_full_adder.hwdef
WARNING: [IP_Flow 19-991] Unrecognized or unsupported file 'sim/one_bit_full_adder.protoinst' found in file group 'Simulation'.
Resolution: Remove the file from the specified file group.
INFO: [IP_Flow 19-2181] Payment Required is not set for this core.
INFO: [IP_Flow 19-2187] The Product Guide file is missing.
ipx::remove_file sim/one_bit_full_adder.protoinst [ipx::get_file_groups xilinx_anylanguagebehavioralsimulation -of_objects [ipx::find_open_core xilinx.com:user:one_bit_full_adder:1.0]]
set_property core_revision 2 [ipx::find_open_core xilinx.com:user:one_bit_full_adder:1.0]
ipx::create_xgui_files [ipx::find_open_core xilinx.com:user:one_bit_full_adder:1.0]
ipx::update_checksums [ipx::find_open_core xilinx.com:user:one_bit_full_adder:1.0]
ipx::save_core [ipx::find_open_core xilinx.com:user:one_bit_full_adder:1.0]
set_property  ip_repo_paths  {{d:/Users/Nathan/Professionnal Drive/Universite/Cours/INF1500/Labo/ip_repo} {d:/Users/Nathan/Professionnal Drive/Universite/Cours/INF1500/Labo/ip_repo/ATAD_LIB} {d:/Users/Nathan/Professionnal Drive/Universite/Cours/INF1500/Labo/ip_repo/DIV__5B_4} {d:/Users/Nathan/Professionnal Drive/Universite/Cours/INF1500/Labo/ip_repo/MIROIR_5B} {d:/Users/Nathan/Professionnal Drive/Universite/Cours/INF1500/Labo/ip_repo/XUP_LIB} {d:/Users/Nathan/Professionnal Drive/Universite/Cours/INF1500/Labo/ip_repo/four_bit_full_adder} {d:/Users/Nathan/Professionnal Drive/Universite/Cours/INF1500/Labo/ip_repo/one_bit_full_adder}} [current_project]
update_ip_catalog
INFO: [IP_Flow 19-234] Refreshing IP repositories
INFO: [IP_Flow 19-1700] Loaded user IP repository 'd:/Users/Nathan/Professionnal Drive/Universite/Cours/INF1500/Labo/ip_repo'.
WARNING: [IP_Flow 19-3685] Ignored loading user repository 'd:/Users/Nathan/Professionnal Drive/Universite/Cours/INF1500/Labo/ip_repo/ATAD_LIB'. The path is contained within another repository.
WARNING: [IP_Flow 19-3685] Ignored loading user repository 'd:/Users/Nathan/Professionnal Drive/Universite/Cours/INF1500/Labo/ip_repo/DIV__5B_4'. The path is contained within another repository.
WARNING: [IP_Flow 19-3685] Ignored loading user repository 'd:/Users/Nathan/Professionnal Drive/Universite/Cours/INF1500/Labo/ip_repo/MIROIR_5B'. The path is contained within another repository.
WARNING: [IP_Flow 19-3685] Ignored loading user repository 'd:/Users/Nathan/Professionnal Drive/Universite/Cours/INF1500/Labo/ip_repo/XUP_LIB'. The path is contained within another repository.
WARNING: [IP_Flow 19-3685] Ignored loading user repository 'd:/Users/Nathan/Professionnal Drive/Universite/Cours/INF1500/Labo/ip_repo/four_bit_full_adder'. The path is contained within another repository.
WARNING: [IP_Flow 19-3685] Ignored loading user repository 'd:/Users/Nathan/Professionnal Drive/Universite/Cours/INF1500/Labo/ip_repo/one_bit_full_adder'. The path is contained within another repository.
exit
INFO: [Common 17-206] Exiting Vivado at Tue Oct  8 15:08:23 2019...
