INFO: [VRFC 10-2263] Analyzing Verilog file "D:/Users/Nathan/Documents/INF1500/Labo/project_2/project_2.ip_user_files/bd/mini_UAL/ipshared/7bd1/xup_xor2.srcs/sources_1/new/xup_xor2.v" into library xil_defaultlib
INFO: [VRFC 10-311] analyzing module xup_xor2
INFO: [VRFC 10-2263] Analyzing Verilog file "D:/Users/Nathan/Documents/INF1500/Labo/project_2/project_2.ip_user_files/bd/mini_UAL/ip/mini_UAL_xup_xor2_0_0/sim/mini_UAL_xup_xor2_0_0.v" into library xil_defaultlib
INFO: [VRFC 10-311] analyzing module mini_UAL_xup_xor2_0_0
INFO: [VRFC 10-2263] Analyzing Verilog file "D:/Users/Nathan/Documents/INF1500/Labo/project_2/project_2.srcs/sources_1/bd/mini_UAL/ipshared/442e/hdl/xlconcat_v2_1_vl_rfs.v" into library xlconcat_v2_1_3
INFO: [VRFC 10-311] analyzing module xlconcat_v2_1_3_xlconcat
INFO: [VRFC 10-2263] Analyzing Verilog file "D:/Users/Nathan/Documents/INF1500/Labo/project_2/project_2.ip_user_files/bd/mini_UAL/ip/mini_UAL_xlconcat_0_0/sim/mini_UAL_xlconcat_0_0.v" into library xil_defaultlib
INFO: [VRFC 10-311] analyzing module mini_UAL_xlconcat_0_0
INFO: [VRFC 10-2263] Analyzing Verilog file "D:/Users/Nathan/Documents/INF1500/Labo/project_2/project_2.ip_user_files/bd/mini_UAL/ip/mini_UAL_xlconcat_0_1/sim/mini_UAL_xlconcat_0_1.v" into library xil_defaultlib
INFO: [VRFC 10-311] analyzing module mini_UAL_xlconcat_0_1
INFO: [VRFC 10-2263] Analyzing Verilog file "D:/Users/Nathan/Documents/INF1500/Labo/project_2/project_2.ip_user_files/bd/mini_UAL/ip/mini_UAL_xlconcat_2_0/sim/mini_UAL_xlconcat_2_0.v" into library xil_defaultlib
INFO: [VRFC 10-311] analyzing module mini_UAL_xlconcat_2_0
INFO: [VRFC 10-2263] Analyzing Verilog file "D:/Users/Nathan/Documents/INF1500/Labo/project_2/project_2.ip_user_files/bd/mini_UAL/ip/mini_UAL_xlconcat_2_1/sim/mini_UAL_xlconcat_2_1.v" into library xil_defaultlib
INFO: [VRFC 10-311] analyzing module mini_UAL_xlconcat_2_1
INFO: [VRFC 10-2263] Analyzing Verilog file "D:/Users/Nathan/Documents/INF1500/Labo/project_2/project_2.ip_user_files/bd/mini_UAL/ip/mini_UAL_MIROIR_5B_0_0/src/MIROIR_5B_xup_xor2_0_0/sim/MIROIR_5B_xup_xor2_0_0.v" into library xil_defaultlib
INFO: [VRFC 10-311] analyzing module MIROIR_5B_xup_xor2_0_0
INFO: [VRFC 10-2263] Analyzing Verilog file "D:/Users/Nathan/Documents/INF1500/Labo/project_2/project_2.ip_user_files/bd/mini_UAL/ip/mini_UAL_MIROIR_5B_0_0/src/MIROIR_5B_xup_xor2_0_1/sim/MIROIR_5B_xup_xor2_0_1.v" into library xil_defaultlib
INFO: [VRFC 10-311] analyzing module MIROIR_5B_xup_xor2_0_1
INFO: [VRFC 10-2263] Analyzing Verilog file "D:/Users/Nathan/Documents/INF1500/Labo/project_2/project_2.ip_user_files/bd/mini_UAL/ip/mini_UAL_MIROIR_5B_0_0/src/MIROIR_5B_xup_xor2_0_1/MIROIR_5B_xup_xor2_0_1_sim_netlist.v" into library xil_defaultlib
INFO: [VRFC 10-311] analyzing module MIROIR_5B_xup_xor2_0_1
WARNING: [VRFC 10-3609] overwriting previous definition of module 'MIROIR_5B_xup_xor2_0_1' [D:/Users/Nathan/Documents/INF1500/Labo/project_2/project_2.ip_user_files/bd/mini_UAL/ip/mini_UAL_MIROIR_5B_0_0/src/MIROIR_5B_xup_xor2_0_1/MIROIR_5B_xup_xor2_0_1_sim_netlist.v:17]
INFO: [VRFC 10-311] analyzing module glbl
INFO: [VRFC 10-2263] Analyzing Verilog file "D:/Users/Nathan/Documents/INF1500/Labo/project_2/project_2.ip_user_files/bd/mini_UAL/ip/mini_UAL_MIROIR_5B_0_0/src/MIROIR_5B_xup_xor2_0_2/sim/MIROIR_5B_xup_xor2_0_2.v" into library xil_defaultlib
INFO: [VRFC 10-311] analyzing module MIROIR_5B_xup_xor2_0_2
INFO: [VRFC 10-2263] Analyzing Verilog file "D:/Users/Nathan/Documents/INF1500/Labo/project_2/project_2.ip_user_files/bd/mini_UAL/ip/mini_UAL_MIROIR_5B_0_0/src/MIROIR_5B_xup_xor2_0_2/MIROIR_5B_xup_xor2_0_2_sim_netlist.v" into library xil_defaultlib
INFO: [VRFC 10-311] analyzing module MIROIR_5B_xup_xor2_0_2
WARNING: [VRFC 10-3609] overwriting previous definition of module 'MIROIR_5B_xup_xor2_0_2' [D:/Users/Nathan/Documents/INF1500/Labo/project_2/project_2.ip_user_files/bd/mini_UAL/ip/mini_UAL_MIROIR_5B_0_0/src/MIROIR_5B_xup_xor2_0_2/MIROIR_5B_xup_xor2_0_2_sim_netlist.v:17]
INFO: [VRFC 10-2263] Analyzing Verilog file "D:/Users/Nathan/Documents/INF1500/Labo/project_2/project_2.ip_user_files/bd/mini_UAL/ip/mini_UAL_MIROIR_5B_0_0/src/MIROIR_5B_xup_xor2_0_3/sim/MIROIR_5B_xup_xor2_0_3.v" into library xil_defaultlib
INFO: [VRFC 10-311] analyzing module MIROIR_5B_xup_xor2_0_3
INFO: [VRFC 10-2263] Analyzing Verilog file "D:/Users/Nathan/Documents/INF1500/Labo/project_2/project_2.ip_user_files/bd/mini_UAL/ip/mini_UAL_MIROIR_5B_0_0/src/MIROIR_5B_xup_xor2_0_3/MIROIR_5B_xup_xor2_0_3_sim_netlist.v" into library xil_defaultlib
INFO: [VRFC 10-311] analyzing module MIROIR_5B_xup_xor2_0_3
WARNING: [VRFC 10-3609] overwriting previous definition of module 'MIROIR_5B_xup_xor2_0_3' [D:/Users/Nathan/Documents/INF1500/Labo/project_2/project_2.ip_user_files/bd/mini_UAL/ip/mini_UAL_MIROIR_5B_0_0/src/MIROIR_5B_xup_xor2_0_3/MIROIR_5B_xup_xor2_0_3_sim_netlist.v:17]
INFO: [VRFC 10-2263] Analyzing Verilog file "D:/Users/Nathan/Documents/INF1500/Labo/project_2/project_2.ip_user_files/bd/mini_UAL/ip/mini_UAL_MIROIR_5B_0_0/src/MIROIR_5B_xup_xor2_0_4/sim/MIROIR_5B_xup_xor2_0_4.v" into library xil_defaultlib
INFO: [VRFC 10-311] analyzing module MIROIR_5B_xup_xor2_0_4
INFO: [VRFC 10-2263] Analyzing Verilog file "D:/Users/Nathan/Documents/INF1500/Labo/project_2/project_2.ip_user_files/bd/mini_UAL/ip/mini_UAL_MIROIR_5B_0_0/src/MIROIR_5B_xup_xor2_0_4/MIROIR_5B_xup_xor2_0_4_sim_netlist.v" into library xil_defaultlib
INFO: [VRFC 10-311] analyzing module MIROIR_5B_xup_xor2_0_4
WARNING: [VRFC 10-3609] overwriting previous definition of module 'MIROIR_5B_xup_xor2_0_4' [D:/Users/Nathan/Documents/INF1500/Labo/project_2/project_2.ip_user_files/bd/mini_UAL/ip/mini_UAL_MIROIR_5B_0_0/src/MIROIR_5B_xup_xor2_0_4/MIROIR_5B_xup_xor2_0_4_sim_netlist.v:17]
INFO: [VRFC 10-2263] Analyzing Verilog file "D:/Users/Nathan/Documents/INF1500/Labo/project_2/project_2.ip_user_files/bd/mini_UAL/ip/mini_UAL_MIROIR_5B_0_0/ipshared/3146/xup_nor5.srcs/sources_1/new/xup_nor5.v" into library xil_defaultlib
INFO: [VRFC 10-311] analyzing module xup_nor5
INFO: [VRFC 10-2263] Analyzing Verilog file "D:/Users/Nathan/Documents/INF1500/Labo/project_2/project_2.ip_user_files/bd/mini_UAL/ip/mini_UAL_MIROIR_5B_0_0/src/MIROIR_5B_xup_nor5_0_0/sim/MIROIR_5B_xup_nor5_0_0.v" into library xil_defaultlib
INFO: [VRFC 10-311] analyzing module MIROIR_5B_xup_nor5_0_0
INFO: [VRFC 10-2263] Analyzing Verilog file "D:/Users/Nathan/Documents/INF1500/Labo/project_2/project_2.ip_user_files/bd/mini_UAL/ip/mini_UAL_MIROIR_5B_0_0/src/MIROIR_5B_xlconcat_0_0/sim/MIROIR_5B_xlconcat_0_0.v" into library xil_defaultlib
INFO: [VRFC 10-311] analyzing module MIROIR_5B_xlconcat_0_0
INFO: [VRFC 10-2263] Analyzing Verilog file "D:/Users/Nathan/Documents/INF1500/Labo/project_2/project_2.ip_user_files/bd/mini_UAL/ip/mini_UAL_MIROIR_5B_0_0/src/MIROIR_5B_xup_xor2_0_5/sim/MIROIR_5B_xup_xor2_0_5.v" into library xil_defaultlib
INFO: [VRFC 10-311] analyzing module MIROIR_5B_xup_xor2_0_5
INFO: [VRFC 10-2263] Analyzing Verilog file "D:/Users/Nathan/Documents/INF1500/Labo/project_2/project_2.ip_user_files/bd/mini_UAL/ip/mini_UAL_MIROIR_5B_0_0/src/MIROIR_5B_xup_xor2_0_5/MIROIR_5B_xup_xor2_0_5_sim_netlist.v" into library xil_defaultlib
INFO: [VRFC 10-311] analyzing module MIROIR_5B_xup_xor2_0_5
WARNING: [VRFC 10-3609] overwriting previous definition of module 'MIROIR_5B_xup_xor2_0_5' [D:/Users/Nathan/Documents/INF1500/Labo/project_2/project_2.ip_user_files/bd/mini_UAL/ip/mini_UAL_MIROIR_5B_0_0/src/MIROIR_5B_xup_xor2_0_5/MIROIR_5B_xup_xor2_0_5_sim_netlist.v:17]
INFO: [VRFC 10-2263] Analyzing Verilog file "D:/Users/Nathan/Documents/INF1500/Labo/project_2/project_2.ip_user_files/bd/mini_UAL/ip/mini_UAL_MIROIR_5B_0_0/src/MIROIR_5B_ATAD_SPLIT_5_0_2/MIROIR_5B_ATAD_SPLIT_5_0_2_sim_netlist.v" into library xil_defaultlib
INFO: [VRFC 10-311] analyzing module MIROIR_5B_ATAD_SPLIT_5_0_2
INFO: [VRFC 10-2263] Analyzing Verilog file "D:/Users/Nathan/Documents/INF1500/Labo/project_2/project_2.ip_user_files/bd/mini_UAL/ip/mini_UAL_MIROIR_5B_0_0/src/MIROIR_5B_ATAD_SPLIT_5_1_0/MIROIR_5B_ATAD_SPLIT_5_1_0_sim_netlist.v" into library xil_defaultlib
INFO: [VRFC 10-311] analyzing module MIROIR_5B_ATAD_SPLIT_5_1_0
INFO: [VRFC 10-2263] Analyzing Verilog file "D:/Users/Nathan/Documents/INF1500/Labo/project_2/project_2.ip_user_files/bd/mini_UAL/ip/mini_UAL_MIROIR_5B_0_0/src/MIROIR_5B_xup_nor5_0_1/sim/MIROIR_5B_xup_nor5_0_1.v" into library xil_defaultlib
INFO: [VRFC 10-311] analyzing module MIROIR_5B_xup_nor5_0_1
INFO: [VRFC 10-2263] Analyzing Verilog file "D:/Users/Nathan/Documents/INF1500/Labo/project_2/project_2.ip_user_files/bd/mini_UAL/ip/mini_UAL_MIROIR_5B_0_0/src/MIROIR_5B_xlconcat_0_1/sim/MIROIR_5B_xlconcat_0_1.v" into library xil_defaultlib
INFO: [VRFC 10-311] analyzing module MIROIR_5B_xlconcat_0_1
INFO: [VRFC 10-2263] Analyzing Verilog file "D:/Users/Nathan/Documents/INF1500/Labo/project_2/project_2.ip_user_files/bd/mini_UAL/ipshared/522b/sim/MIROIR_5B.v" into library xil_defaultlib
INFO: [VRFC 10-311] analyzing module MIROIR_5B
INFO: [VRFC 10-2263] Analyzing Verilog file "D:/Users/Nathan/Documents/INF1500/Labo/project_2/project_2.ip_user_files/bd/mini_UAL/ip/mini_UAL_MIROIR_5B_0_0/sim/mini_UAL_MIROIR_5B_0_0.v" into library xil_defaultlib
INFO: [VRFC 10-311] analyzing module mini_UAL_MIROIR_5B_0_0
INFO: [VRFC 10-2263] Analyzing Verilog file "D:/Users/Nathan/Documents/INF1500/Labo/project_2/project_2.ip_user_files/bd/mini_UAL/ip/mini_UAL_xlconcat_3_0/sim/mini_UAL_xlconcat_3_0.v" into library xil_defaultlib
INFO: [VRFC 10-311] analyzing module mini_UAL_xlconcat_3_0
INFO: [VRFC 10-2263] Analyzing Verilog file "D:/Users/Nathan/Documents/INF1500/Labo/project_2/project_2.ip_user_files/bd/mini_UAL/ip/mini_UAL_full_adder_4B_0_0/src/full_adder_4B_full_add_1B_0_0/ipshared/778c/xup_and2.srcs/sources_1/new/xup_and2.v" into library xil_defaultlib
INFO: [VRFC 10-311] analyzing module xup_and2
INFO: [VRFC 10-2263] Analyzing Verilog file "D:/Users/Nathan/Documents/INF1500/Labo/project_2/project_2.ip_user_files/bd/mini_UAL/ip/mini_UAL_full_adder_4B_0_0/src/full_adder_4B_full_add_1B_0_0/src/full_add_1B_xup_and2_1_1/sim/full_add_1B_xup_and2_1_1.v" into library xil_defaultlib
INFO: [VRFC 10-311] analyzing module full_add_1B_xup_and2_1_1
INFO: [VRFC 10-2263] Analyzing Verilog file "D:/Users/Nathan/Documents/INF1500/Labo/project_2/project_2.ip_user_files/bd/mini_UAL/ip/mini_UAL_full_adder_4B_0_0/src/full_adder_4B_full_add_1B_0_0/src/full_add_1B_xup_and2_2_1/sim/full_add_1B_xup_and2_2_1.v" into library xil_defaultlib
INFO: [VRFC 10-311] analyzing module full_add_1B_xup_and2_2_1
INFO: [VRFC 10-2263] Analyzing Verilog file "D:/Users/Nathan/Documents/INF1500/Labo/project_2/project_2.ip_user_files/bd/mini_UAL/ip/mini_UAL_full_adder_4B_0_0/src/full_adder_4B_full_add_1B_0_0/ipshared/ded9/xup_or3.srcs/sources_1/new/xup_or3.v" into library xil_defaultlib
INFO: [VRFC 10-311] analyzing module xup_or3
INFO: [VRFC 10-2263] Analyzing Verilog file "D:/Users/Nathan/Documents/INF1500/Labo/project_2/project_2.ip_user_files/bd/mini_UAL/ip/mini_UAL_full_adder_4B_0_0/src/full_adder_4B_full_add_1B_0_0/src/full_add_1B_xup_or3_0_1/sim/full_add_1B_xup_or3_0_1.v" into library xil_defaultlib
INFO: [VRFC 10-311] analyzing module full_add_1B_xup_or3_0_1
INFO: [VRFC 10-2263] Analyzing Verilog file "D:/Users/Nathan/Documents/INF1500/Labo/project_2/project_2.ip_user_files/bd/mini_UAL/ip/mini_UAL_full_adder_4B_0_0/src/full_adder_4B_full_add_1B_0_0/src/full_add_1B_xup_xor2_0_1/sim/full_add_1B_xup_xor2_0_1.v" into library xil_defaultlib
INFO: [VRFC 10-311] analyzing module full_add_1B_xup_xor2_0_1
INFO: [VRFC 10-2263] Analyzing Verilog file "D:/Users/Nathan/Documents/INF1500/Labo/project_2/project_2.ip_user_files/bd/mini_UAL/ip/mini_UAL_full_adder_4B_0_0/src/full_adder_4B_full_add_1B_0_0/src/full_add_1B_xup_xor2_1_1/sim/full_add_1B_xup_xor2_1_1.v" into library xil_defaultlib
INFO: [VRFC 10-311] analyzing module full_add_1B_xup_xor2_1_1
INFO: [VRFC 10-2263] Analyzing Verilog file "D:/Users/Nathan/Documents/INF1500/Labo/project_2/project_2.ip_user_files/bd/mini_UAL/ip/mini_UAL_full_adder_4B_0_0/src/full_adder_4B_full_add_1B_0_0/src/full_add_1B_xup_and2_0_2/sim/full_add_1B_xup_and2_0_2.v" into library xil_defaultlib
INFO: [VRFC 10-311] analyzing module full_add_1B_xup_and2_0_2
INFO: [VRFC 10-2263] Analyzing Verilog file "D:/Users/Nathan/Documents/INF1500/Labo/project_2/project_2.ip_user_files/bd/mini_UAL/ip/mini_UAL_full_adder_4B_0_0/ipshared/c12f/sim/full_add_1B.v" into library xil_defaultlib
INFO: [VRFC 10-311] analyzing module full_add_1B
INFO: [VRFC 10-2263] Analyzing Verilog file "D:/Users/Nathan/Documents/INF1500/Labo/project_2/project_2.ip_user_files/bd/mini_UAL/ip/mini_UAL_full_adder_4B_0_0/src/full_adder_4B_full_add_1B_0_0/sim/full_adder_4B_full_add_1B_0_0.v" into library xil_defaultlib
INFO: [VRFC 10-311] analyzing module full_adder_4B_full_add_1B_0_0
INFO: [VRFC 10-2263] Analyzing Verilog file "D:/Users/Nathan/Documents/INF1500/Labo/project_2/project_2.ip_user_files/bd/mini_UAL/ip/mini_UAL_full_adder_4B_0_0/src/full_adder_4B_full_add_1B_1_0/sim/full_adder_4B_full_add_1B_1_0.v" into library xil_defaultlib
INFO: [VRFC 10-311] analyzing module full_adder_4B_full_add_1B_1_0
INFO: [VRFC 10-2263] Analyzing Verilog file "D:/Users/Nathan/Documents/INF1500/Labo/project_2/project_2.ip_user_files/bd/mini_UAL/ip/mini_UAL_full_adder_4B_0_0/src/full_adder_4B_full_add_1B_1_1/sim/full_adder_4B_full_add_1B_1_1.v" into library xil_defaultlib
INFO: [VRFC 10-311] analyzing module full_adder_4B_full_add_1B_1_1
INFO: [VRFC 10-2263] Analyzing Verilog file "D:/Users/Nathan/Documents/INF1500/Labo/project_2/project_2.ip_user_files/bd/mini_UAL/ip/mini_UAL_full_adder_4B_0_0/src/full_adder_4B_full_add_1B_1_2/sim/full_adder_4B_full_add_1B_1_2.v" into library xil_defaultlib
INFO: [VRFC 10-311] analyzing module full_adder_4B_full_add_1B_1_2
INFO: [VRFC 10-2263] Analyzing Verilog file "D:/Users/Nathan/Documents/INF1500/Labo/project_2/project_2.ip_user_files/bd/mini_UAL/ip/mini_UAL_full_adder_4B_0_0/ipshared/f156/xup_nor4.srcs/sources_1/new/xup_nor4.v" into library xil_defaultlib
INFO: [VRFC 10-311] analyzing module xup_nor4
INFO: [VRFC 10-2263] Analyzing Verilog file "D:/Users/Nathan/Documents/INF1500/Labo/project_2/project_2.ip_user_files/bd/mini_UAL/ip/mini_UAL_full_adder_4B_0_0/src/full_adder_4B_xup_nor4_0_0/sim/full_adder_4B_xup_nor4_0_0.v" into library xil_defaultlib
INFO: [VRFC 10-311] analyzing module full_adder_4B_xup_nor4_0_0
INFO: [VRFC 10-2263] Analyzing Verilog file "D:/Users/Nathan/Documents/INF1500/Labo/project_2/project_2.ip_user_files/bd/mini_UAL/ip/mini_UAL_full_adder_4B_0_0/src/full_adder_4B_xup_xor2_0_0/sim/full_adder_4B_xup_xor2_0_0.v" into library xil_defaultlib
INFO: [VRFC 10-311] analyzing module full_adder_4B_xup_xor2_0_0
INFO: [VRFC 10-2263] Analyzing Verilog file "D:/Users/Nathan/Documents/INF1500/Labo/project_2/project_2.ip_user_files/bd/mini_UAL/ip/mini_UAL_full_adder_4B_0_0/src/full_adder_4B_xup_xor2_0_1/sim/full_adder_4B_xup_xor2_0_1.v" into library xil_defaultlib
INFO: [VRFC 10-311] analyzing module full_adder_4B_xup_xor2_0_1
INFO: [VRFC 10-2263] Analyzing Verilog file "D:/Users/Nathan/Documents/INF1500/Labo/project_2/project_2.ip_user_files/bd/mini_UAL/ip/mini_UAL_full_adder_4B_0_0/src/full_adder_4B_xup_xor2_0_2/sim/full_adder_4B_xup_xor2_0_2.v" into library xil_defaultlib
INFO: [VRFC 10-311] analyzing module full_adder_4B_xup_xor2_0_2
INFO: [VRFC 10-2263] Analyzing Verilog file "D:/Users/Nathan/Documents/INF1500/Labo/project_2/project_2.ip_user_files/bd/mini_UAL/ip/mini_UAL_full_adder_4B_0_0/src/full_adder_4B_xup_xor2_0_3/sim/full_adder_4B_xup_xor2_0_3.v" into library xil_defaultlib
INFO: [VRFC 10-311] analyzing module full_adder_4B_xup_xor2_0_3
INFO: [VRFC 10-2263] Analyzing Verilog file "D:/Users/Nathan/Documents/INF1500/Labo/project_2/project_2.ip_user_files/bd/mini_UAL/ip/mini_UAL_full_adder_4B_0_0/src/full_adder_4B_xlconcat_0_0/sim/full_adder_4B_xlconcat_0_0.v" into library xil_defaultlib
INFO: [VRFC 10-311] analyzing module full_adder_4B_xlconcat_0_0
INFO: [VRFC 10-2263] Analyzing Verilog file "D:/Users/Nathan/Documents/INF1500/Labo/project_2/project_2.ip_user_files/bd/mini_UAL/ip/mini_UAL_full_adder_4B_0_0/src/full_adder_4B_xup_xor2_4_0/sim/full_adder_4B_xup_xor2_4_0.v" into library xil_defaultlib
INFO: [VRFC 10-311] analyzing module full_adder_4B_xup_xor2_4_0
INFO: [VRFC 10-2263] Analyzing Verilog file "D:/Users/Nathan/Documents/INF1500/Labo/project_2/project_2.ip_user_files/bd/mini_UAL/ipshared/6702/sim/full_adder_4B.v" into library xil_defaultlib
INFO: [VRFC 10-311] analyzing module full_adder_4B
INFO: [VRFC 10-2263] Analyzing Verilog file "D:/Users/Nathan/Documents/INF1500/Labo/project_2/project_2.ip_user_files/bd/mini_UAL/ip/mini_UAL_full_adder_4B_0_0/sim/mini_UAL_full_adder_4B_0_0.v" into library xil_defaultlib
INFO: [VRFC 10-311] analyzing module mini_UAL_full_adder_4B_0_0
INFO: [VRFC 10-2263] Analyzing Verilog file "D:/Users/Nathan/Documents/INF1500/Labo/project_2/project_2.ip_user_files/bd/mini_UAL/sim/mini_UAL.v" into library xil_defaultlib
INFO: [VRFC 10-311] analyzing module mini_UAL
INFO: [VRFC 10-2263] Analyzing Verilog file "D:/Users/Nathan/Documents/INF1500/Labo/project_2/project_2.ip_user_files/bd/mini_UAL/ipshared/10be/sim/MUX_5B.v" into library xil_defaultlib
INFO: [VRFC 10-311] analyzing module MUX_5B
INFO: [VRFC 10-2263] Analyzing Verilog file "D:/Users/Nathan/Documents/INF1500/Labo/project_2/project_2.ip_user_files/bd/mini_UAL/ip/mini_UAL_MUX_5B_1_0/sim/mini_UAL_MUX_5B_1_0.v" into library xil_defaultlib
INFO: [VRFC 10-311] analyzing module mini_UAL_MUX_5B_1_0
INFO: [VRFC 10-2263] Analyzing Verilog file "D:/Users/Nathan/Documents/INF1500/Labo/project_2/project_2.ip_user_files/bd/mini_UAL/ip/mini_UAL_DIV_4_5B_1_0/src/DIV_4_5B_xup_xor2_0_0/sim/DIV_4_5B_xup_xor2_0_0.v" into library xil_defaultlib
INFO: [VRFC 10-311] analyzing module DIV_4_5B_xup_xor2_0_0
INFO: [VRFC 10-2263] Analyzing Verilog file "D:/Users/Nathan/Documents/INF1500/Labo/project_2/project_2.ip_user_files/bd/mini_UAL/ip/mini_UAL_DIV_4_5B_1_0/src/DIV_4_5B_xlconcat_0_0/sim/DIV_4_5B_xlconcat_0_0.v" into library xil_defaultlib
INFO: [VRFC 10-311] analyzing module DIV_4_5B_xlconcat_0_0
INFO: [VRFC 10-2263] Analyzing Verilog file "D:/Users/Nathan/Documents/INF1500/Labo/project_2/project_2.ip_user_files/bd/mini_UAL/ipshared/a47a/sim/DIV_4_5B.v" into library xil_defaultlib
INFO: [VRFC 10-311] analyzing module DIV_4_5B
INFO: [VRFC 10-2263] Analyzing Verilog file "D:/Users/Nathan/Documents/INF1500/Labo/project_2/project_2.ip_user_files/bd/mini_UAL/ip/mini_UAL_DIV_4_5B_1_0/sim/mini_UAL_DIV_4_5B_1_0.v" into library xil_defaultlib
INFO: [VRFC 10-311] analyzing module mini_UAL_DIV_4_5B_1_0
INFO: [VRFC 10-2263] Analyzing Verilog file "D:/Users/Nathan/Documents/INF1500/Labo/project_2/project_2.srcs/sources_1/bd/mini_UAL/hdl/mini_UAL_wrapper.v" into library xil_defaultlib
INFO: [VRFC 10-311] analyzing module mini_UAL_wrapper
INFO: [VRFC 10-163] Analyzing VHDL file "D:/Users/Nathan/Documents/INF1500/Labo/project_2/project_2.ip_user_files/bd/mini_UAL/ipshared/36fb/sim/ATAD_SPLIT_5.vhd" into library xil_defaultlib
INFO: [VRFC 10-3107] analyzing entity 'ATAD_SPLIT_5'
INFO: [VRFC 10-163] Analyzing VHDL file "D:/Users/Nathan/Documents/INF1500/Labo/project_2/project_2.ip_user_files/bd/mini_UAL/ip/mini_UAL_ATAD_SPLIT_5_0_0/sim/mini_UAL_ATAD_SPLIT_5_0_0.vhd" into library xil_defaultlib
INFO: [VRFC 10-3107] analyzing entity 'mini_UAL_ATAD_SPLIT_5_0_0'
INFO: [VRFC 10-163] Analyzing VHDL file "D:/Users/Nathan/Documents/INF1500/Labo/project_2/project_2.ip_user_files/bd/mini_UAL/ip/mini_UAL_ATAD_SPLIT_5_0_1/sim/mini_UAL_ATAD_SPLIT_5_0_1.vhd" into library xil_defaultlib
INFO: [VRFC 10-3107] analyzing entity 'mini_UAL_ATAD_SPLIT_5_0_1'
INFO: [VRFC 10-163] Analyzing VHDL file "D:/Users/Nathan/Documents/INF1500/Labo/project_2/project_2.ip_user_files/bd/mini_UAL/ip/mini_UAL_MIROIR_5B_0_0/src/MIROIR_5B_xup_xor2_0_1/MIROIR_5B_xup_xor2_0_1_sim_netlist.vhdl" into library xil_defaultlib
INFO: [VRFC 10-3107] analyzing entity 'MIROIR_5B_xup_xor2_0_1'
INFO: [VRFC 10-163] Analyzing VHDL file "D:/Users/Nathan/Documents/INF1500/Labo/project_2/project_2.ip_user_files/bd/mini_UAL/ip/mini_UAL_MIROIR_5B_0_0/src/MIROIR_5B_xup_xor2_0_2/MIROIR_5B_xup_xor2_0_2_sim_netlist.vhdl" into library xil_defaultlib
INFO: [VRFC 10-3107] analyzing entity 'MIROIR_5B_xup_xor2_0_2'
INFO: [VRFC 10-163] Analyzing VHDL file "D:/Users/Nathan/Documents/INF1500/Labo/project_2/project_2.ip_user_files/bd/mini_UAL/ip/mini_UAL_MIROIR_5B_0_0/src/MIROIR_5B_xup_xor2_0_3/MIROIR_5B_xup_xor2_0_3_sim_netlist.vhdl" into library xil_defaultlib
INFO: [VRFC 10-3107] analyzing entity 'MIROIR_5B_xup_xor2_0_3'
INFO: [VRFC 10-163] Analyzing VHDL file "D:/Users/Nathan/Documents/INF1500/Labo/project_2/project_2.ip_user_files/bd/mini_UAL/ip/mini_UAL_MIROIR_5B_0_0/src/MIROIR_5B_xup_xor2_0_4/MIROIR_5B_xup_xor2_0_4_sim_netlist.vhdl" into library xil_defaultlib
INFO: [VRFC 10-3107] analyzing entity 'MIROIR_5B_xup_xor2_0_4'
INFO: [VRFC 10-163] Analyzing VHDL file "D:/Users/Nathan/Documents/INF1500/Labo/project_2/project_2.ip_user_files/bd/mini_UAL/ip/mini_UAL_MIROIR_5B_0_0/src/MIROIR_5B_ATAD_SPLIT_5_0_0/sim/MIROIR_5B_ATAD_SPLIT_5_0_0.vhd" into library xil_defaultlib
INFO: [VRFC 10-3107] analyzing entity 'MIROIR_5B_ATAD_SPLIT_5_0_0'
INFO: [VRFC 10-163] Analyzing VHDL file "D:/Users/Nathan/Documents/INF1500/Labo/project_2/project_2.ip_user_files/bd/mini_UAL/ip/mini_UAL_MIROIR_5B_0_0/src/MIROIR_5B_ATAD_SPLIT_5_0_1/sim/MIROIR_5B_ATAD_SPLIT_5_0_1.vhd" into library xil_defaultlib
INFO: [VRFC 10-3107] analyzing entity 'MIROIR_5B_ATAD_SPLIT_5_0_1'
INFO: [VRFC 10-163] Analyzing VHDL file "D:/Users/Nathan/Documents/INF1500/Labo/project_2/project_2.ip_user_files/bd/mini_UAL/ip/mini_UAL_MIROIR_5B_0_0/src/MIROIR_5B_xup_xor2_0_5/MIROIR_5B_xup_xor2_0_5_sim_netlist.vhdl" into library xil_defaultlib
INFO: [VRFC 10-3107] analyzing entity 'MIROIR_5B_xup_xor2_0_5'
INFO: [VRFC 10-163] Analyzing VHDL file "D:/Users/Nathan/Documents/INF1500/Labo/project_2/project_2.ip_user_files/bd/mini_UAL/ip/mini_UAL_MIROIR_5B_0_0/src/MIROIR_5B_ATAD_SPLIT_5_0_2/sim/MIROIR_5B_ATAD_SPLIT_5_0_2.vhd" into library xil_defaultlib
INFO: [VRFC 10-3107] analyzing entity 'MIROIR_5B_ATAD_SPLIT_5_0_2'
INFO: [VRFC 10-163] Analyzing VHDL file "D:/Users/Nathan/Documents/INF1500/Labo/project_2/project_2.ip_user_files/bd/mini_UAL/ip/mini_UAL_MIROIR_5B_0_0/src/MIROIR_5B_ATAD_SPLIT_5_0_2/MIROIR_5B_ATAD_SPLIT_5_0_2_sim_netlist.vhdl" into library xil_defaultlib
INFO: [VRFC 10-3107] analyzing entity 'MIROIR_5B_ATAD_SPLIT_5_0_2'
WARNING: [VRFC 10-3607] overwriting existing primary unit 'miroir_5b_atad_split_5_0_2' [D:/Users/Nathan/Documents/INF1500/Labo/project_2/project_2.ip_user_files/bd/mini_UAL/ip/mini_UAL_MIROIR_5B_0_0/src/MIROIR_5B_ATAD_SPLIT_5_0_2/MIROIR_5B_ATAD_SPLIT_5_0_2_sim_netlist.vhdl:17]
INFO: [VRFC 10-163] Analyzing VHDL file "D:/Users/Nathan/Documents/INF1500/Labo/project_2/project_2.ip_user_files/bd/mini_UAL/ip/mini_UAL_MIROIR_5B_0_0/src/MIROIR_5B_ATAD_SPLIT_5_1_0/sim/MIROIR_5B_ATAD_SPLIT_5_1_0.vhd" into library xil_defaultlib
INFO: [VRFC 10-3107] analyzing entity 'MIROIR_5B_ATAD_SPLIT_5_1_0'
INFO: [VRFC 10-163] Analyzing VHDL file "D:/Users/Nathan/Documents/INF1500/Labo/project_2/project_2.ip_user_files/bd/mini_UAL/ip/mini_UAL_MIROIR_5B_0_0/src/MIROIR_5B_ATAD_SPLIT_5_1_0/MIROIR_5B_ATAD_SPLIT_5_1_0_sim_netlist.vhdl" into library xil_defaultlib
INFO: [VRFC 10-3107] analyzing entity 'MIROIR_5B_ATAD_SPLIT_5_1_0'
WARNING: [VRFC 10-3607] overwriting existing primary unit 'miroir_5b_atad_split_5_1_0' [D:/Users/Nathan/Documents/INF1500/Labo/project_2/project_2.ip_user_files/bd/mini_UAL/ip/mini_UAL_MIROIR_5B_0_0/src/MIROIR_5B_ATAD_SPLIT_5_1_0/MIROIR_5B_ATAD_SPLIT_5_1_0_sim_netlist.vhdl:17]
INFO: [VRFC 10-163] Analyzing VHDL file "D:/Users/Nathan/Documents/INF1500/Labo/project_2/project_2.ip_user_files/bd/mini_UAL/ip/mini_UAL_full_adder_4B_0_0/ipshared/0273/sim/ATAD_SPLIT_4.vhd" into library xil_defaultlib
INFO: [VRFC 10-3107] analyzing entity 'ATAD_SPLIT_4'
INFO: [VRFC 10-163] Analyzing VHDL file "D:/Users/Nathan/Documents/INF1500/Labo/project_2/project_2.ip_user_files/bd/mini_UAL/ip/mini_UAL_full_adder_4B_0_0/src/full_adder_4B_ATAD_SPLIT_4_0_0/sim/full_adder_4B_ATAD_SPLIT_4_0_0.vhd" into library xil_defaultlib
INFO: [VRFC 10-3107] analyzing entity 'full_adder_4B_ATAD_SPLIT_4_0_0'
INFO: [VRFC 10-163] Analyzing VHDL file "D:/Users/Nathan/Documents/INF1500/Labo/project_2/project_2.ip_user_files/bd/mini_UAL/ip/mini_UAL_full_adder_4B_0_0/src/full_adder_4B_ATAD_SPLIT_4_0_1/sim/full_adder_4B_ATAD_SPLIT_4_0_1.vhd" into library xil_defaultlib
INFO: [VRFC 10-3107] analyzing entity 'full_adder_4B_ATAD_SPLIT_4_0_1'
INFO: [VRFC 10-163] Analyzing VHDL file "D:/Users/Nathan/Documents/INF1500/Labo/project_2/project_2.ip_user_files/bd/mini_UAL/ip/mini_UAL_DIV_4_5B_1_0/src/DIV_4_5B_ATAD_SPLIT_5_0_0/sim/DIV_4_5B_ATAD_SPLIT_5_0_0.vhd" into library xil_defaultlib
INFO: [VRFC 10-3107] analyzing entity 'DIV_4_5B_ATAD_SPLIT_5_0_0'
