#-----------------------------------------------------------
# Vivado v2018.3 (64-bit)
# SW Build 2405991 on Thu Dec  6 23:38:27 MST 2018
# IP Build 2404404 on Fri Dec  7 01:43:56 MST 2018
# Start of session at: Tue Oct 22 11:03:01 2019
# Process ID: 4472
# Current directory: D:/Users/Nathan/Documents/INF1500/Labo/project_2
# Command line: vivado.exe -gui_launcher_event rodinguilauncherevent15088 D:\Users\Nathan\Documents\INF1500\Labo\project_2\project_2.xpr
# Log file: D:/Users/Nathan/Documents/INF1500/Labo/project_2/vivado.log
# Journal file: D:/Users/Nathan/Documents/INF1500/Labo/project_2\vivado.jou
#-----------------------------------------------------------
start_gui
open_project D:/Users/Nathan/Documents/INF1500/Labo/project_2/project_2.xpr
WARNING: [filemgmt 20-922] The BXML file is of a newer version (0.37) then the current supported version (0.36).
Data could be potentially be lost
WARNING: [filemgmt 20-922] The BXML file is of a newer version (0.37) then the current supported version (0.36).
Data could be potentially be lost
WARNING: [filemgmt 20-922] The BXML file is of a newer version (0.37) then the current supported version (0.36).
Data could be potentially be lost
WARNING: [filemgmt 20-922] The BXML file is of a newer version (0.37) then the current supported version (0.36).
Data could be potentially be lost
Scanning sources...
Finished scanning sources
CRITICAL WARNING: [Project 1-192] Failed to load run synth_1. Strategy Vivado Synthesis Defaults (Vivado Synthesis 2019) not recognized by Vivado. 

CRITICAL WARNING: [Project 1-192] Failed to load run mini_UAL_xup_xor2_0_0_synth_1. Strategy Vivado Synthesis Defaults (Vivado Synthesis 2019) not recognized by Vivado. 

CRITICAL WARNING: [Project 1-192] Failed to load run mini_UAL_ATAD_SPLIT_5_0_0_synth_1. Strategy Vivado Synthesis Defaults (Vivado Synthesis 2019) not recognized by Vivado. 

CRITICAL WARNING: [Project 1-192] Failed to load run mini_UAL_ATAD_SPLIT_5_0_1_synth_1. Strategy Vivado Synthesis Defaults (Vivado Synthesis 2019) not recognized by Vivado. 

CRITICAL WARNING: [Project 1-192] Failed to load run mini_UAL_MIROIR_5B_0_0_synth_1. Strategy Vivado Synthesis Defaults (Vivado Synthesis 2019) not recognized by Vivado. 

CRITICAL WARNING: [Project 1-192] Failed to load run mini_UAL_full_adder_4B_0_0_synth_1. Strategy Vivado Synthesis Defaults (Vivado Synthesis 2019) not recognized by Vivado. 

CRITICAL WARNING: [Project 1-192] Failed to load run MIROIR_5B_xup_nor5_0_1_synth_1. Strategy Vivado Synthesis Defaults (Vivado Synthesis 2019) not recognized by Vivado. 

CRITICAL WARNING: [Project 1-192] Failed to load run mini_UAL_DIV_4_5B_0_0_synth_1. Strategy Vivado Synthesis Defaults (Vivado Synthesis 2019) not recognized by Vivado. 

CRITICAL WARNING: [Project 1-192] Failed to load run mini_UAL_MUX_5B_0_0_synth_1. Strategy Vivado Synthesis Defaults (Vivado Synthesis 2019) not recognized by Vivado. 

CRITICAL WARNING: [Project 1-192] Failed to load run mini_UAL_MUX_5B_1_0_synth_1. Strategy Vivado Synthesis Defaults (Vivado Synthesis 2019) not recognized by Vivado. 

CRITICAL WARNING: [Project 1-192] Failed to load run impl_1. Strategy Vivado Implementation Defaults (Vivado Implementation 2019) not recognized by Vivado. 

CRITICAL WARNING: [Project 1-192] Failed to load run mini_UAL_xup_xor2_0_0_impl_1. Strategy Vivado Implementation Defaults (Vivado Implementation 2019) not recognized by Vivado. 

CRITICAL WARNING: [Project 1-192] Failed to load run mini_UAL_ATAD_SPLIT_5_0_0_impl_1. Strategy Vivado Implementation Defaults (Vivado Implementation 2019) not recognized by Vivado. 

CRITICAL WARNING: [Project 1-192] Failed to load run mini_UAL_ATAD_SPLIT_5_0_1_impl_1. Strategy Vivado Implementation Defaults (Vivado Implementation 2019) not recognized by Vivado. 

CRITICAL WARNING: [Project 1-192] Failed to load run mini_UAL_MIROIR_5B_0_0_impl_1. Strategy Vivado Implementation Defaults (Vivado Implementation 2019) not recognized by Vivado. 

CRITICAL WARNING: [Project 1-192] Failed to load run mini_UAL_full_adder_4B_0_0_impl_1. Strategy Vivado Implementation Defaults (Vivado Implementation 2019) not recognized by Vivado. 

CRITICAL WARNING: [Project 1-192] Failed to load run MIROIR_5B_xup_nor5_0_1_impl_1. Strategy Vivado Implementation Defaults (Vivado Implementation 2019) not recognized by Vivado. 

CRITICAL WARNING: [Project 1-192] Failed to load run mini_UAL_DIV_4_5B_0_0_impl_1. Strategy Vivado Implementation Defaults (Vivado Implementation 2019) not recognized by Vivado. 

CRITICAL WARNING: [Project 1-192] Failed to load run mini_UAL_MUX_5B_0_0_impl_1. Strategy Vivado Implementation Defaults (Vivado Implementation 2019) not recognized by Vivado. 

CRITICAL WARNING: [Project 1-192] Failed to load run mini_UAL_MUX_5B_1_0_impl_1. Strategy Vivado Implementation Defaults (Vivado Implementation 2019) not recognized by Vivado. 

INFO: [IP_Flow 19-234] Refreshing IP repositories
INFO: [IP_Flow 19-1700] Loaded user IP repository 'd:/Users/Nathan/Documents/INF1500/Labo/ip_repo'.
INFO: [IP_Flow 19-2313] Loaded Vivado IP repository 'D:/Users/Nathan/Xilinx/Vivado/2018.3/data/ip'.
ERROR: [IP_Flow 19-993] Could not find IP file for IP 'DIV_4_5B_xup_xor2_0_0'.
CRITICAL WARNING: [IP_Flow 19-5097] Unable to determine VLNV from IP file; verify it has the correct syntax: 
CRITICAL WARNING: [IP_Flow 19-3577] Failed to recreate IP instance 'mini_UAL_DIV_4_5B_0_0'. Error during subcore creation.
ERROR: [IP_Flow 19-993] Could not find IP file for IP 'DIV_4_5B_xup_xor2_0_0'.
CRITICAL WARNING: [IP_Flow 19-5097] Unable to determine VLNV from IP file; verify it has the correct syntax: 
CRITICAL WARNING: [IP_Flow 19-3577] Failed to recreate IP instance 'mini_UAL_DIV_4_5B_0_0'. Error during subcore creation.
ERROR: [IP_Flow 19-993] Could not find IP file for IP 'MUX_5B_MUX_1B_0_0'.
CRITICAL WARNING: [IP_Flow 19-5097] Unable to determine VLNV from IP file; verify it has the correct syntax: 
CRITICAL WARNING: [IP_Flow 19-3577] Failed to recreate IP instance 'mini_UAL_MUX_5B_0_0'. Error during subcore creation.
ERROR: [IP_Flow 19-993] Could not find IP file for IP 'MUX_5B_MUX_1B_0_0'.
CRITICAL WARNING: [IP_Flow 19-5097] Unable to determine VLNV from IP file; verify it has the correct syntax: 
CRITICAL WARNING: [IP_Flow 19-3577] Failed to recreate IP instance 'mini_UAL_MUX_5B_0_0'. Error during subcore creation.
ERROR: [IP_Flow 19-993] Could not find IP file for IP 'MUX_5B_MUX_1B_0_5'.
CRITICAL WARNING: [IP_Flow 19-5097] Unable to determine VLNV from IP file; verify it has the correct syntax: 
CRITICAL WARNING: [IP_Flow 19-3577] Failed to recreate IP instance 'mini_UAL_MUX_5B_1_0'. Error during subcore creation.
WARNING: [BD 41-1663] The design 'mini_UAL.bd' cannot be modified due to following reason(s):
* Project is read-only. Please run 'save_project_as' before making any change to the bd-design. 

WARNING: [BD 41-1661] One or more IPs have been locked in the design 'mini_UAL.bd'. Please run report_ip_status for more details and recommendations on how to fix this issue.
List of locked IPs:
mini_UAL_xlconcat_2_1
mini_UAL_xlconcat_3_0
mini_UAL_xup_xor2_0_0
mini_UAL_ATAD_SPLIT_5_0_1
mini_UAL_xlconcat_0_0
mini_UAL_xlconcat_0_1
mini_UAL_xlconcat_2_0
mini_UAL_ATAD_SPLIT_5_0_0
mini_UAL_MIROIR_5B_0_0
mini_UAL_full_adder_4B_0_0
mini_UAL_DIV_4_5B_1_0

WARNING: [BD 41-1663] The design 'MIROIR_5B.bd' cannot be modified due to following reason(s):
* Project is read-only. Please run 'save_project_as' before making any change to the bd-design. 

WARNING: [BD 41-1661] One or more IPs have been locked in the design 'MIROIR_5B.bd'. Please run report_ip_status for more details and recommendations on how to fix this issue.
List of locked IPs:
MIROIR_5B_xup_xor2_0_1
MIROIR_5B_xup_xor2_0_2
MIROIR_5B_xup_xor2_0_3
MIROIR_5B_xup_xor2_0_4
MIROIR_5B_xup_xor2_0_5
MIROIR_5B_ATAD_SPLIT_5_1_0
MIROIR_5B_xlconcat_0_1
MIROIR_5B_xup_nor5_0_1
MIROIR_5B_ATAD_SPLIT_5_0_2

WARNING: [BD 41-1663] The design 'DIV_4_5B.bd' cannot be modified due to following reason(s):
* Project is read-only. Please run 'save_project_as' before making any change to the bd-design. 

WARNING: [BD 41-1661] One or more IPs have been locked in the design 'DIV_4_5B.bd'. Please run report_ip_status for more details and recommendations on how to fix this issue.
List of locked IPs:
DIV_4_5B_xup_xor2_0_1
DIV_4_5B_ATAD_SPLIT_5_0_1
DIV_4_5B_xlconcat_0_1

WARNING: [BD 41-1663] The design 'MUX_1B.bd' cannot be modified due to following reason(s):
* Project is read-only. Please run 'save_project_as' before making any change to the bd-design. 

WARNING: [BD 41-1661] One or more IPs have been locked in the design 'MUX_1B.bd'. Please run report_ip_status for more details and recommendations on how to fix this issue.
List of locked IPs:
MUX_1B_xup_and3_0_0
MUX_1B_xup_inv_1_0
MUX_1B_xup_inv_0_2
MUX_1B_xup_or4_0_2
MUX_1B_xup_and3_1_0
MUX_1B_xup_inv_1_2
MUX_1B_xup_and3_2_0
MUX_1B_xup_and3_0_2
MUX_1B_xup_and3_3_0
MUX_1B_xup_and3_1_2
MUX_1B_xup_or4_0_0
MUX_1B_xup_inv_0_0
MUX_1B_xup_and3_2_2
MUX_1B_xup_and3_3_2

WARNING: [BD 41-1663] The design 'MUX_5B.bd' cannot be modified due to following reason(s):
* Project is read-only. Please run 'save_project_as' before making any change to the bd-design. 

WARNING: [BD 41-1661] One or more IPs have been locked in the design 'MUX_5B.bd'. Please run report_ip_status for more details and recommendations on how to fix this issue.
List of locked IPs:
MUX_5B_ATAD_SPLIT_5_0_6
MUX_5B_ATAD_SPLIT_2_0_1
MUX_5B_MUX_1B_0_5
MUX_5B_ATAD_SPLIT_5_0_7
MUX_5B_ATAD_SPLIT_2_0_2
MUX_5B_MUX_1B_0_6
MUX_5B_MUX_1B_0_7
MUX_5B_ATAD_SPLIT_5_1_0
MUX_5B_MUX_1B_0_8
MUX_5B_xlconcat_0_1
MUX_5B_ATAD_SPLIT_5_0_4
MUX_5B_ATAD_SPLIT_5_0_5
MUX_5B_MUX_1B_3_0
MUX_5B_ATAD_SPLIT_5_2_0
MUX_5B_MUX_1B_0_9
MUX_5B_MUX_1B_1_0
MUX_5B_MUX_1B_2_0
MUX_5B_MUX_1B_4_0
MUX_5B_MUX_1B_3_1
MUX_5B_xlconcat_0_2
MUX_5B_ATAD_SPLIT_5_0_8
MUX_5B_ATAD_SPLIT_5_3_0

WARNING: [Project 1-231] Project 'project_2.xpr' was created with a future version and may or may not perform reliably with this version of Vivado. It has been opened in read-only mode for the protection of unrecognized data. Use 'File | Save Project As...' if you wish to alter a copy of the project.
open_project: Time (s): cpu = 00:00:16 ; elapsed = 00:00:13 . Memory (MB): peak = 691.441 ; gain = 88.832
ERROR: [Common 17-39] 'open_project' failed due to earlier errors.
update_compile_order -fileset sources_1
open_bd_design {D:/Users/Nathan/Documents/INF1500/Labo/project_2/project_2.srcs/sources_1/bd/MUX_1B/MUX_1B.bd}
Adding cell -- xilinx.com:xup:xup_and3:1.0 - xup_and3_0
Adding cell -- xilinx.com:xup:xup_and3:1.0 - xup_and3_1
Adding cell -- xilinx.com:xup:xup_and3:1.0 - xup_and3_2
Adding cell -- xilinx.com:xup:xup_and3:1.0 - xup_and3_3
Adding cell -- xilinx.com:xup:xup_or4:1.0 - xup_or4_0
Adding cell -- xilinx.com:xup:xup_inv:1.0 - xup_inv_0
Adding cell -- xilinx.com:xup:xup_inv:1.0 - xup_inv_1
Successfully read diagram <MUX_1B> from BD file <D:/Users/Nathan/Documents/INF1500/Labo/project_2/project_2.srcs/sources_1/bd/MUX_1B/MUX_1B.bd>
exit
INFO: [Common 17-206] Exiting Vivado at Tue Oct 22 11:16:36 2019...
